<?xml version="1.0" encoding="UTF-8" ?>
<testsuites name="vitest tests" tests="137" failures="67" errors="0" time="33.472556828">
    <testsuite name="tests/integration/MOQIntegration.test.tsx" timestamp="2025-08-05T00:52:17.600Z" hostname="codespaces-9eea89" tests="17" failures="2" errors="0" skipped="0" time="0.292161988">
        <testcase classname="tests/integration/MOQIntegration.test.tsx" name="MOQ Integration Tests &gt; MOQ Validation in Purchase Order Editor &gt; should display MOQ warnings for products below minimum quantity" time="0.171186791">
            <system-err>
The above error occurred in the &lt;AddProductDialog&gt; component:

    at AddProductDialog (/workspaces/source-lovable-animalfarmacy/src/components/orders/AddProductDialog.tsx:17:29)
    at div
    at Provider (file:///workspaces/source-lovable-animalfarmacy/node_modules/@radix-ui/react-tooltip/node_modules/@radix-ui/react-context/dist/index.mjs:27:15)
    at TooltipProvider (file:///workspaces/source-lovable-animalfarmacy/node_modules/@radix-ui/react-tooltip/dist/index.mjs:29:5)
    at /workspaces/source-lovable-animalfarmacy/src/components/ui/sidebar.tsx:41:5
    at PurchaseOrderEditor (/workspaces/source-lovable-animalfarmacy/src/pages/PurchaseOrderEditor.tsx:32:42)
    at Router (/workspaces/source-lovable-animalfarmacy/node_modules/react-router/dist/umd/react-router.development.js:1174:17)
    at BrowserRouter (/workspaces/source-lovable-animalfarmacy/node_modules/react-router-dom/dist/umd/react-router-dom.development.js:694:7)
    at QueryClientProvider (file:///workspaces/source-lovable-animalfarmacy/node_modules/@tanstack/react-query/build/modern/QueryClientProvider.js:20:3)

Consider adding an error boundary to your tree to customize error handling behavior.
Visit https://reactjs.org/link/error-boundaries to learn more about error boundaries.

            </system-err>
            <failure message="React is not defined" type="ReferenceError">
ReferenceError: React is not defined
 ❯ AddProductDialog src/components/orders/AddProductDialog.tsx:61:3
 ❯ renderWithHooks node_modules/react-dom/cjs/react-dom.development.js:15486:18
 ❯ mountIndeterminateComponent node_modules/react-dom/cjs/react-dom.development.js:20103:13
 ❯ beginWork node_modules/react-dom/cjs/react-dom.development.js:21626:16
 ❯ HTMLUnknownElement.callCallback node_modules/react-dom/cjs/react-dom.development.js:4164:14
 ❯ HTMLUnknownElement.#callDispatchEventListeners node_modules/happy-dom/src/event/EventTarget.ts:289:42
 ❯ HTMLUnknownElement.dispatchEvent node_modules/happy-dom/src/event/EventTarget.ts:136:35
 ❯ HTMLUnknownElement.#goThroughDispatchEventPhases node_modules/happy-dom/src/event/EventTarget.ts:198:33
 ❯ HTMLUnknownElement.dispatchEvent node_modules/happy-dom/src/event/EventTarget.ts:129:38
 ❯ Object.invokeGuardedCallbackDev node_modules/react-dom/cjs/react-dom.development.js:4213:16
            </failure>
        </testcase>
        <testcase classname="tests/integration/MOQIntegration.test.tsx" name="MOQ Integration Tests &gt; MOQ Validation in Purchase Order Editor &gt; should automatically adjust quantities when entering edit mode" time="0.09963183">
            <system-err>
The above error occurred in the &lt;AddProductDialog&gt; component:

    at AddProductDialog (/workspaces/source-lovable-animalfarmacy/src/components/orders/AddProductDialog.tsx:17:29)
    at div
    at Provider (file:///workspaces/source-lovable-animalfarmacy/node_modules/@radix-ui/react-tooltip/node_modules/@radix-ui/react-context/dist/index.mjs:27:15)
    at TooltipProvider (file:///workspaces/source-lovable-animalfarmacy/node_modules/@radix-ui/react-tooltip/dist/index.mjs:29:5)
    at /workspaces/source-lovable-animalfarmacy/src/components/ui/sidebar.tsx:41:5
    at PurchaseOrderEditor (/workspaces/source-lovable-animalfarmacy/src/pages/PurchaseOrderEditor.tsx:32:42)
    at Router (/workspaces/source-lovable-animalfarmacy/node_modules/react-router/dist/umd/react-router.development.js:1174:17)
    at BrowserRouter (/workspaces/source-lovable-animalfarmacy/node_modules/react-router-dom/dist/umd/react-router-dom.development.js:694:7)
    at QueryClientProvider (file:///workspaces/source-lovable-animalfarmacy/node_modules/@tanstack/react-query/build/modern/QueryClientProvider.js:20:3)

Consider adding an error boundary to your tree to customize error handling behavior.
Visit https://reactjs.org/link/error-boundaries to learn more about error boundaries.

            </system-err>
            <failure message="React is not defined" type="ReferenceError">
ReferenceError: React is not defined
 ❯ AddProductDialog src/components/orders/AddProductDialog.tsx:61:3
 ❯ renderWithHooks node_modules/react-dom/cjs/react-dom.development.js:15486:18
 ❯ mountIndeterminateComponent node_modules/react-dom/cjs/react-dom.development.js:20103:13
 ❯ beginWork node_modules/react-dom/cjs/react-dom.development.js:21626:16
 ❯ HTMLUnknownElement.callCallback node_modules/react-dom/cjs/react-dom.development.js:4164:14
 ❯ HTMLUnknownElement.#callDispatchEventListeners node_modules/happy-dom/src/event/EventTarget.ts:289:42
 ❯ HTMLUnknownElement.dispatchEvent node_modules/happy-dom/src/event/EventTarget.ts:136:35
 ❯ HTMLUnknownElement.#goThroughDispatchEventPhases node_modules/happy-dom/src/event/EventTarget.ts:198:33
 ❯ HTMLUnknownElement.dispatchEvent node_modules/happy-dom/src/event/EventTarget.ts:129:38
 ❯ Object.invokeGuardedCallbackDev node_modules/react-dom/cjs/react-dom.development.js:4213:16
            </failure>
        </testcase>
        <testcase classname="tests/integration/MOQIntegration.test.tsx" name="MOQ Integration Tests &gt; MOQ Validation in Purchase Order Editor &gt; should show cost impact when MOQ adjustments are made" time="0.00149556">
        </testcase>
        <testcase classname="tests/integration/MOQIntegration.test.tsx" name="MOQ Integration Tests &gt; MOQ Logic with Search Integration &gt; should apply MOQ logic when adding products from search" time="0.000993763">
        </testcase>
        <testcase classname="tests/integration/MOQIntegration.test.tsx" name="MOQ Integration Tests &gt; MOQ Logic with Search Integration &gt; should validate MOQ compliance before order submission" time="0.002440917">
        </testcase>
        <testcase classname="tests/integration/MOQIntegration.test.tsx" name="MOQ Integration Tests &gt; MOQ API Failure Scenarios &gt; should handle missing MOQ data gracefully" time="0.001064507">
        </testcase>
        <testcase classname="tests/integration/MOQIntegration.test.tsx" name="MOQ Integration Tests &gt; MOQ API Failure Scenarios &gt; should handle null product data" time="0.001004336">
        </testcase>
        <testcase classname="tests/integration/MOQIntegration.test.tsx" name="MOQ Integration Tests &gt; MOQ API Failure Scenarios &gt; should handle API errors during MOQ retrieval" time="0.001154276">
        </testcase>
        <testcase classname="tests/integration/MOQIntegration.test.tsx" name="MOQ Integration Tests &gt; MOQ UI Feedback Tests &gt; should display MOQ adjustment notification to user" time="0.00179366">
        </testcase>
        <testcase classname="tests/integration/MOQIntegration.test.tsx" name="MOQ Integration Tests &gt; MOQ UI Feedback Tests &gt; should show no minimum requirement for products without MOQ" time="0.001199227">
        </testcase>
        <testcase classname="tests/integration/MOQIntegration.test.tsx" name="MOQ Integration Tests &gt; MOQ UI Feedback Tests &gt; should provide clear validation messages" time="0.001239515">
        </testcase>
        <testcase classname="tests/integration/MOQIntegration.test.tsx" name="MOQ Integration Tests &gt; MOQ Edge Cases &gt; should handle zero requested quantity" time="0.000958796">
        </testcase>
        <testcase classname="tests/integration/MOQIntegration.test.tsx" name="MOQ Integration Tests &gt; MOQ Edge Cases &gt; should handle negative requested quantity" time="0.000551347">
        </testcase>
        <testcase classname="tests/integration/MOQIntegration.test.tsx" name="MOQ Integration Tests &gt; MOQ Edge Cases &gt; should handle fractional MOQ values by rounding up" time="0.000500575">
        </testcase>
        <testcase classname="tests/integration/MOQIntegration.test.tsx" name="MOQ Integration Tests &gt; MOQ Edge Cases &gt; should handle very large MOQ values" time="0.000583375">
        </testcase>
        <testcase classname="tests/integration/MOQIntegration.test.tsx" name="MOQ Integration Tests &gt; Batch MOQ Processing &gt; should efficiently process multiple products with MOQ requirements" time="0.001388518">
        </testcase>
        <testcase classname="tests/integration/MOQIntegration.test.tsx" name="MOQ Integration Tests &gt; Batch MOQ Processing &gt; should handle empty batch gracefully" time="0.002139178">
        </testcase>
    </testsuite>
    <testsuite name="tests/integration/OdooService.test.ts" timestamp="2025-08-05T00:52:17.650Z" hostname="codespaces-9eea89" tests="3" failures="3" errors="0" skipped="0" time="0.027911136">
        <testcase classname="tests/integration/OdooService.test.ts" name="OdooService Integration Tests &gt; fetchPurchaseOrders &gt; should handle connection errors gracefully" time="0.020266703">
            <system-out>
[Source] [2025-08-05T00:52:17.315Z] [DEBUG] Fetching purchase orders from Odoo...

            </system-out>
            <system-err>
[Source] [2025-08-05T00:52:17.315Z] [ERROR] Failed to fetch purchase orders {
  message: [32m&quot;Cannot read properties of undefined (reading &apos;ok&apos;)&quot;[39m,
  stack: [32m&quot;TypeError: Cannot read properties of undefined (reading &apos;ok&apos;)\n&quot;[39m +
    [32m&apos;    at OdooService.fetchPurchaseOrders (/workspaces/source-lovable-animalfarmacy/src/services/OdooService.ts:59:27)\n&apos;[39m +
    [32m&apos;    at processTicksAndRejections (node:internal/process/task_queues:105:5)\n&apos;[39m +
    [32m&apos;    at /workspaces/source-lovable-animalfarmacy/tests/integration/OdooService.test.ts:16:9\n&apos;[39m +
    [32m&apos;    at file:///workspaces/source-lovable-animalfarmacy/node_modules/@vitest/runner/dist/chunk-hooks.js:752:20&apos;[39m,
  name: [32m&apos;TypeError&apos;[39m
}

            </system-err>
            <failure message="expected &apos;Cannot read properties of undefined (…&apos; to contain &apos;Odoo configuration not found&apos;" type="AssertionError">
AssertionError: expected &apos;Cannot read properties of undefined (…&apos; to contain &apos;Odoo configuration not found&apos;

Expected: &quot;Odoo configuration not found&quot;
Received: &quot;Cannot read properties of undefined (reading &apos;ok&apos;)&quot;

 ❯ tests/integration/OdooService.test.ts:19:31
            </failure>
        </testcase>
        <testcase classname="tests/integration/OdooService.test.ts" name="OdooService Integration Tests &gt; getSuppliers &gt; should handle connection errors gracefully" time="0.002518415">
            <system-err>
[Source] [2025-08-05T00:52:17.335Z] [ERROR] Failed to fetch suppliers {
  message: [32m&quot;Cannot read properties of undefined (reading &apos;ok&apos;)&quot;[39m,
  stack: [32m&quot;TypeError: Cannot read properties of undefined (reading &apos;ok&apos;)\n&quot;[39m +
    [32m&apos;    at OdooService.getSuppliers (/workspaces/source-lovable-animalfarmacy/src/services/OdooService.ts:228:21)\n&apos;[39m +
    [32m&apos;    at processTicksAndRejections (node:internal/process/task_queues:105:5)\n&apos;[39m +
    [32m&apos;    at /workspaces/source-lovable-animalfarmacy/tests/integration/OdooService.test.ts:27:9\n&apos;[39m +
    [32m&apos;    at file:///workspaces/source-lovable-animalfarmacy/node_modules/@vitest/runner/dist/chunk-hooks.js:752:20&apos;[39m,
  name: [32m&apos;TypeError&apos;[39m
}

            </system-err>
            <failure message="expected &apos;Cannot read properties of undefined (…&apos; to contain &apos;Odoo configuration not found&apos;" type="AssertionError">
AssertionError: expected &apos;Cannot read properties of undefined (…&apos; to contain &apos;Odoo configuration not found&apos;

Expected: &quot;Odoo configuration not found&quot;
Received: &quot;Cannot read properties of undefined (reading &apos;ok&apos;)&quot;

 ❯ tests/integration/OdooService.test.ts:30:31
            </failure>
        </testcase>
        <testcase classname="tests/integration/OdooService.test.ts" name="OdooService Integration Tests &gt; createPurchaseOrder &gt; should handle connection errors gracefully" time="0.002568373">
            <system-out>
[Source] [2025-08-05T00:52:17.337Z] [DEBUG] Creating purchase order { partnerId: [33m1[39m, linesCount: [33m1[39m }
[Source] [2025-08-05T00:52:17.337Z] [DEBUG] Sending order data to edge function { dateOrder: [32m&apos;2025-08-05 00:52:17&apos;[39m }
[Source] [2025-08-05T00:52:17.337Z] [DEBUG] Calling purchase-orders edge function

            </system-out>
            <system-err>
[Source] [2025-08-05T00:52:17.337Z] [ERROR] Failed to create purchase order {
  message: [32m&quot;Cannot read properties of undefined (reading &apos;ok&apos;)&quot;[39m,
  stack: [32m&quot;TypeError: Cannot read properties of undefined (reading &apos;ok&apos;)\n&quot;[39m +
    [32m&apos;    at OdooService.createPurchaseOrder (/workspaces/source-lovable-animalfarmacy/src/services/OdooService.ts:125:21)\n&apos;[39m +
    [32m&apos;    at processTicksAndRejections (node:internal/process/task_queues:105:5)\n&apos;[39m +
    [32m&apos;    at /workspaces/source-lovable-animalfarmacy/tests/integration/OdooService.test.ts:51:9\n&apos;[39m +
    [32m&apos;    at file:///workspaces/source-lovable-animalfarmacy/node_modules/@vitest/runner/dist/chunk-hooks.js:752:20&apos;[39m,
  name: [32m&apos;TypeError&apos;[39m
}

            </system-err>
            <failure message="expected &apos;Cannot read properties of undefined (…&apos; to contain &apos;Odoo configuration not found&apos;" type="AssertionError">
AssertionError: expected &apos;Cannot read properties of undefined (…&apos; to contain &apos;Odoo configuration not found&apos;

Expected: &quot;Odoo configuration not found&quot;
Received: &quot;Cannot read properties of undefined (reading &apos;ok&apos;)&quot;

 ❯ tests/integration/OdooService.test.ts:54:31
            </failure>
        </testcase>
    </testsuite>
    <testsuite name="tests/performance/OrderPerformanceValidation.test.tsx" timestamp="2025-08-05T00:52:17.666Z" hostname="codespaces-9eea89" tests="10" failures="6" errors="0" skipped="0" time="30.608880962">
        <testcase classname="tests/performance/OrderPerformanceValidation.test.tsx" name="Order Creation Flow Performance Validation &gt; Initial Render Performance &gt; should render OrderSummary component within acceptable time limits" time="0.310391554">
        </testcase>
        <testcase classname="tests/performance/OrderPerformanceValidation.test.tsx" name="Order Creation Flow Performance Validation &gt; Initial Render Performance &gt; should not cause excessive re-renders on initial load" time="0.252417962">
        </testcase>
        <testcase classname="tests/performance/OrderPerformanceValidation.test.tsx" name="Order Creation Flow Performance Validation &gt; Component Update Performance &gt; should handle quantity changes efficiently" time="30.020221887">
            <failure message="Test timed out in 30000ms.
If this is a long-running test, pass a timeout value as the last argument or configure it globally with &quot;testTimeout&quot;." type="Error">
Error: Test timed out in 30000ms.
If this is a long-running test, pass a timeout value as the last argument or configure it globally with &quot;testTimeout&quot;.
 ❯ tests/performance/OrderPerformanceValidation.test.tsx:187:5
            </failure>
        </testcase>
        <testcase classname="tests/performance/OrderPerformanceValidation.test.tsx" name="Order Creation Flow Performance Validation &gt; Component Update Performance &gt; should efficiently handle product list filtering and sorting" time="0.007370618">
            <failure message="Unable to find an element with the text: Filters. This could be because the text is broken up by multiple elements. In this case, you can provide a function for your text matcher to make your matcher more flexible.

Ignored nodes: comments, script, style
[36m&lt;body&gt;[39m
  [36m&lt;div /&gt;[39m
[36m&lt;/body&gt;[39m" type="TestingLibraryElementError">
TestingLibraryElementError: Unable to find an element with the text: Filters. This could be because the text is broken up by multiple elements. In this case, you can provide a function for your text matcher to make your matcher more flexible.

Ignored nodes: comments, script, style
&lt;body&gt;
  &lt;div /&gt;
&lt;/body&gt;
 ❯ Object.getElementError node_modules/@testing-library/dom/dist/config.js:37:19
 ❯ node_modules/@testing-library/dom/dist/query-helpers.js:76:38
 ❯ node_modules/@testing-library/dom/dist/query-helpers.js:52:17
 ❯ node_modules/@testing-library/dom/dist/query-helpers.js:95:19
 ❯ tests/performance/OrderPerformanceValidation.test.tsx:231:35
            </failure>
        </testcase>
        <testcase classname="tests/performance/OrderPerformanceValidation.test.tsx" name="Order Creation Flow Performance Validation &gt; Memory Usage Validation &gt; should not cause significant memory leaks during normal operations" time="0.005762625">
            <failure message="Unable to find an accessible element with the role &quot;button&quot;

There are no accessible roles. But there might be some inaccessible roles. If you wish to access them, then set the `hidden` option to `true`. Learn more about this here: https://testing-library.com/docs/dom-testing-library/api-queries#byrole

Ignored nodes: comments, script, style
[36m&lt;body&gt;[39m
  [36m&lt;div /&gt;[39m
[36m&lt;/body&gt;[39m" type="TestingLibraryElementError">
TestingLibraryElementError: Unable to find an accessible element with the role &quot;button&quot;

There are no accessible roles. But there might be some inaccessible roles. If you wish to access them, then set the `hidden` option to `true`. Learn more about this here: https://testing-library.com/docs/dom-testing-library/api-queries#byrole

Ignored nodes: comments, script, style
&lt;body&gt;
  &lt;div /&gt;
&lt;/body&gt;
 ❯ Object.getElementError node_modules/@testing-library/dom/dist/config.js:37:19
 ❯ node_modules/@testing-library/dom/dist/query-helpers.js:76:38
 ❯ node_modules/@testing-library/dom/dist/query-helpers.js:109:15
 ❯ tests/performance/OrderPerformanceValidation.test.tsx:262:30
            </failure>
        </testcase>
        <testcase classname="tests/performance/OrderPerformanceValidation.test.tsx" name="Order Creation Flow Performance Validation &gt; Memory Usage Validation &gt; should clean up event listeners and timers properly" time="0.002183407">
        </testcase>
        <testcase classname="tests/performance/OrderPerformanceValidation.test.tsx" name="Order Creation Flow Performance Validation &gt; Search Performance Validation &gt; should handle vector search operations efficiently" time="0.002556577">
            <failure message="Cannot find module &apos;@/hooks/useVectorSearch&apos;
Require stack:
- /workspaces/source-lovable-animalfarmacy/tests/performance/OrderPerformanceValidation.test.tsx" type="Error">
Error: Cannot find module &apos;@/hooks/useVectorSearch&apos;
Require stack:
- /workspaces/source-lovable-animalfarmacy/tests/performance/OrderPerformanceValidation.test.tsx
 ❯ tests/performance/OrderPerformanceValidation.test.tsx:315:45

⎯⎯⎯⎯⎯⎯⎯⎯⎯⎯⎯⎯⎯⎯⎯⎯⎯⎯⎯⎯⎯⎯⎯⎯⎯⎯⎯⎯⎯⎯
Serialized Error: { code: &apos;MODULE_NOT_FOUND&apos;, requireStack: [ &apos;/workspaces/source-lovable-animalfarmacy/tests/performance/OrderPerformanceValidation.test.tsx&apos; ] }
            </failure>
        </testcase>
        <testcase classname="tests/performance/OrderPerformanceValidation.test.tsx" name="Order Creation Flow Performance Validation &gt; Search Performance Validation &gt; should handle search performance monitoring without impacting UX" time="0.001583811">
            <failure message="Unable to find an element with the text: Order Details. This could be because the text is broken up by multiple elements. In this case, you can provide a function for your text matcher to make your matcher more flexible.

Ignored nodes: comments, script, style
[36m&lt;body&gt;[39m
  [36m&lt;div /&gt;[39m
[36m&lt;/body&gt;[39m" type="TestingLibraryElementError">
TestingLibraryElementError: Unable to find an element with the text: Order Details. This could be because the text is broken up by multiple elements. In this case, you can provide a function for your text matcher to make your matcher more flexible.

Ignored nodes: comments, script, style
&lt;body&gt;
  &lt;div /&gt;
&lt;/body&gt;
 ❯ Object.getElementError node_modules/@testing-library/dom/dist/config.js:37:19
 ❯ node_modules/@testing-library/dom/dist/query-helpers.js:76:38
 ❯ node_modules/@testing-library/dom/dist/query-helpers.js:52:17
 ❯ node_modules/@testing-library/dom/dist/query-helpers.js:95:19
 ❯ tests/performance/OrderPerformanceValidation.test.tsx:362:21
            </failure>
        </testcase>
        <testcase classname="tests/performance/OrderPerformanceValidation.test.tsx" name="Order Creation Flow Performance Validation &gt; Order Generation Performance &gt; should handle order data preparation efficiently" time="0.001528086">
            <failure message="Unable to find an element with the text: Generate POs. This could be because the text is broken up by multiple elements. In this case, you can provide a function for your text matcher to make your matcher more flexible.

Ignored nodes: comments, script, style
[36m&lt;body&gt;[39m
  [36m&lt;div /&gt;[39m
[36m&lt;/body&gt;[39m" type="TestingLibraryElementError">
TestingLibraryElementError: Unable to find an element with the text: Generate POs. This could be because the text is broken up by multiple elements. In this case, you can provide a function for your text matcher to make your matcher more flexible.

Ignored nodes: comments, script, style
&lt;body&gt;
  &lt;div /&gt;
&lt;/body&gt;
 ❯ Object.getElementError node_modules/@testing-library/dom/dist/config.js:37:19
 ❯ node_modules/@testing-library/dom/dist/query-helpers.js:76:38
 ❯ node_modules/@testing-library/dom/dist/query-helpers.js:52:17
 ❯ node_modules/@testing-library/dom/dist/query-helpers.js:95:19
 ❯ tests/performance/OrderPerformanceValidation.test.tsx:376:37
            </failure>
        </testcase>
        <testcase classname="tests/performance/OrderPerformanceValidation.test.tsx" name="Order Creation Flow Performance Validation &gt; Performance Benchmarks &gt; should meet established performance benchmarks" time="0.002309142">
            <system-out>
Performance Validation Results: {
  renderTime: [32m&apos;0.00ms&apos;[39m,
  memoryUsage: [32m&apos;0.00MB&apos;[39m,
  benchmarksMet: { render: [33mtrue[39m, memory: [33mtrue[39m }
}

            </system-out>
        </testcase>
    </testsuite>
    <testsuite name="tests/e2e/MOQPurchaseOrderFlow.test.tsx" timestamp="2025-08-05T00:52:17.694Z" hostname="codespaces-9eea89" tests="14" failures="14" errors="0" skipped="0" time="1.820242656">
        <testcase classname="tests/e2e/MOQPurchaseOrderFlow.test.tsx" name="MOQ Purchase Order Flow E2E Tests &gt; Initial MOQ State Display &gt; should display MOQ warnings for products below minimum quantity" time="0.392751481">
            <system-err>
The above error occurred in the &lt;AddProductDialog&gt; component:

    at AddProductDialog (/workspaces/source-lovable-animalfarmacy/src/components/orders/AddProductDialog.tsx:17:29)
    at div
    at Provider (file:///workspaces/source-lovable-animalfarmacy/node_modules/@radix-ui/react-tooltip/node_modules/@radix-ui/react-context/dist/index.mjs:27:15)
    at TooltipProvider (file:///workspaces/source-lovable-animalfarmacy/node_modules/@radix-ui/react-tooltip/dist/index.mjs:29:5)
    at /workspaces/source-lovable-animalfarmacy/src/components/ui/sidebar.tsx:41:5
    at PurchaseOrderEditor (/workspaces/source-lovable-animalfarmacy/src/pages/PurchaseOrderEditor.tsx:32:42)
    at Router (/workspaces/source-lovable-animalfarmacy/node_modules/react-router/dist/umd/react-router.development.js:1174:17)
    at MemoryRouter (/workspaces/source-lovable-animalfarmacy/node_modules/react-router/dist/umd/react-router.development.js:1069:7)
    at QueryClientProvider (file:///workspaces/source-lovable-animalfarmacy/node_modules/@tanstack/react-query/build/modern/QueryClientProvider.js:20:3)

Consider adding an error boundary to your tree to customize error handling behavior.
Visit https://reactjs.org/link/error-boundaries to learn more about error boundaries.

            </system-err>
            <failure message="React is not defined" type="ReferenceError">
ReferenceError: React is not defined
 ❯ AddProductDialog src/components/orders/AddProductDialog.tsx:61:3
 ❯ renderWithHooks node_modules/react-dom/cjs/react-dom.development.js:15486:18
 ❯ mountIndeterminateComponent node_modules/react-dom/cjs/react-dom.development.js:20103:13
 ❯ beginWork node_modules/react-dom/cjs/react-dom.development.js:21626:16
 ❯ HTMLUnknownElement.callCallback node_modules/react-dom/cjs/react-dom.development.js:4164:14
 ❯ HTMLUnknownElement.#callDispatchEventListeners node_modules/happy-dom/src/event/EventTarget.ts:289:42
 ❯ HTMLUnknownElement.dispatchEvent node_modules/happy-dom/src/event/EventTarget.ts:136:35
 ❯ HTMLUnknownElement.#goThroughDispatchEventPhases node_modules/happy-dom/src/event/EventTarget.ts:198:33
 ❯ HTMLUnknownElement.dispatchEvent node_modules/happy-dom/src/event/EventTarget.ts:129:38
 ❯ Object.invokeGuardedCallbackDev node_modules/react-dom/cjs/react-dom.development.js:4213:16
            </failure>
        </testcase>
        <testcase classname="tests/e2e/MOQPurchaseOrderFlow.test.tsx" name="MOQ Purchase Order Flow E2E Tests &gt; Initial MOQ State Display &gt; should show correct quantities and totals on initial load" time="0.115955375">
            <system-err>
The above error occurred in the &lt;AddProductDialog&gt; component:

    at AddProductDialog (/workspaces/source-lovable-animalfarmacy/src/components/orders/AddProductDialog.tsx:17:29)
    at div
    at Provider (file:///workspaces/source-lovable-animalfarmacy/node_modules/@radix-ui/react-tooltip/node_modules/@radix-ui/react-context/dist/index.mjs:27:15)
    at TooltipProvider (file:///workspaces/source-lovable-animalfarmacy/node_modules/@radix-ui/react-tooltip/dist/index.mjs:29:5)
    at /workspaces/source-lovable-animalfarmacy/src/components/ui/sidebar.tsx:41:5
    at PurchaseOrderEditor (/workspaces/source-lovable-animalfarmacy/src/pages/PurchaseOrderEditor.tsx:32:42)
    at Router (/workspaces/source-lovable-animalfarmacy/node_modules/react-router/dist/umd/react-router.development.js:1174:17)
    at MemoryRouter (/workspaces/source-lovable-animalfarmacy/node_modules/react-router/dist/umd/react-router.development.js:1069:7)
    at QueryClientProvider (file:///workspaces/source-lovable-animalfarmacy/node_modules/@tanstack/react-query/build/modern/QueryClientProvider.js:20:3)

Consider adding an error boundary to your tree to customize error handling behavior.
Visit https://reactjs.org/link/error-boundaries to learn more about error boundaries.

            </system-err>
            <failure message="React is not defined" type="ReferenceError">
ReferenceError: React is not defined
 ❯ AddProductDialog src/components/orders/AddProductDialog.tsx:61:3
 ❯ renderWithHooks node_modules/react-dom/cjs/react-dom.development.js:15486:18
 ❯ mountIndeterminateComponent node_modules/react-dom/cjs/react-dom.development.js:20103:13
 ❯ beginWork node_modules/react-dom/cjs/react-dom.development.js:21626:16
 ❯ HTMLUnknownElement.callCallback node_modules/react-dom/cjs/react-dom.development.js:4164:14
 ❯ HTMLUnknownElement.#callDispatchEventListeners node_modules/happy-dom/src/event/EventTarget.ts:289:42
 ❯ HTMLUnknownElement.dispatchEvent node_modules/happy-dom/src/event/EventTarget.ts:136:35
 ❯ HTMLUnknownElement.#goThroughDispatchEventPhases node_modules/happy-dom/src/event/EventTarget.ts:198:33
 ❯ HTMLUnknownElement.dispatchEvent node_modules/happy-dom/src/event/EventTarget.ts:129:38
 ❯ Object.invokeGuardedCallbackDev node_modules/react-dom/cjs/react-dom.development.js:4213:16
            </failure>
        </testcase>
        <testcase classname="tests/e2e/MOQPurchaseOrderFlow.test.tsx" name="MOQ Purchase Order Flow E2E Tests &gt; Initial MOQ State Display &gt; should display MOQ information in edit mode" time="0.172083425">
            <system-err>
The above error occurred in the &lt;AddProductDialog&gt; component:

    at AddProductDialog (/workspaces/source-lovable-animalfarmacy/src/components/orders/AddProductDialog.tsx:17:29)
    at div
    at Provider (file:///workspaces/source-lovable-animalfarmacy/node_modules/@radix-ui/react-tooltip/node_modules/@radix-ui/react-context/dist/index.mjs:27:15)
    at TooltipProvider (file:///workspaces/source-lovable-animalfarmacy/node_modules/@radix-ui/react-tooltip/dist/index.mjs:29:5)
    at /workspaces/source-lovable-animalfarmacy/src/components/ui/sidebar.tsx:41:5
    at PurchaseOrderEditor (/workspaces/source-lovable-animalfarmacy/src/pages/PurchaseOrderEditor.tsx:32:42)
    at Router (/workspaces/source-lovable-animalfarmacy/node_modules/react-router/dist/umd/react-router.development.js:1174:17)
    at MemoryRouter (/workspaces/source-lovable-animalfarmacy/node_modules/react-router/dist/umd/react-router.development.js:1069:7)
    at QueryClientProvider (file:///workspaces/source-lovable-animalfarmacy/node_modules/@tanstack/react-query/build/modern/QueryClientProvider.js:20:3)

Consider adding an error boundary to your tree to customize error handling behavior.
Visit https://reactjs.org/link/error-boundaries to learn more about error boundaries.

            </system-err>
            <failure message="React is not defined" type="ReferenceError">
ReferenceError: React is not defined
 ❯ AddProductDialog src/components/orders/AddProductDialog.tsx:61:3
 ❯ renderWithHooks node_modules/react-dom/cjs/react-dom.development.js:15486:18
 ❯ mountIndeterminateComponent node_modules/react-dom/cjs/react-dom.development.js:20103:13
 ❯ beginWork node_modules/react-dom/cjs/react-dom.development.js:21626:16
 ❯ HTMLUnknownElement.callCallback node_modules/react-dom/cjs/react-dom.development.js:4164:14
 ❯ HTMLUnknownElement.#callDispatchEventListeners node_modules/happy-dom/src/event/EventTarget.ts:289:42
 ❯ HTMLUnknownElement.dispatchEvent node_modules/happy-dom/src/event/EventTarget.ts:136:35
 ❯ HTMLUnknownElement.#goThroughDispatchEventPhases node_modules/happy-dom/src/event/EventTarget.ts:198:33
 ❯ HTMLUnknownElement.dispatchEvent node_modules/happy-dom/src/event/EventTarget.ts:129:38
 ❯ Object.invokeGuardedCallbackDev node_modules/react-dom/cjs/react-dom.development.js:4213:16
            </failure>
        </testcase>
        <testcase classname="tests/e2e/MOQPurchaseOrderFlow.test.tsx" name="MOQ Purchase Order Flow E2E Tests &gt; MOQ Adjustment Interactions &gt; should allow manual quantity adjustment and validate against MOQ" time="0.156847294">
            <system-err>
The above error occurred in the &lt;AddProductDialog&gt; component:

    at AddProductDialog (/workspaces/source-lovable-animalfarmacy/src/components/orders/AddProductDialog.tsx:17:29)
    at div
    at Provider (file:///workspaces/source-lovable-animalfarmacy/node_modules/@radix-ui/react-tooltip/node_modules/@radix-ui/react-context/dist/index.mjs:27:15)
    at TooltipProvider (file:///workspaces/source-lovable-animalfarmacy/node_modules/@radix-ui/react-tooltip/dist/index.mjs:29:5)
    at /workspaces/source-lovable-animalfarmacy/src/components/ui/sidebar.tsx:41:5
    at PurchaseOrderEditor (/workspaces/source-lovable-animalfarmacy/src/pages/PurchaseOrderEditor.tsx:32:42)
    at Router (/workspaces/source-lovable-animalfarmacy/node_modules/react-router/dist/umd/react-router.development.js:1174:17)
    at MemoryRouter (/workspaces/source-lovable-animalfarmacy/node_modules/react-router/dist/umd/react-router.development.js:1069:7)
    at QueryClientProvider (file:///workspaces/source-lovable-animalfarmacy/node_modules/@tanstack/react-query/build/modern/QueryClientProvider.js:20:3)

Consider adding an error boundary to your tree to customize error handling behavior.
Visit https://reactjs.org/link/error-boundaries to learn more about error boundaries.

            </system-err>
            <failure message="React is not defined" type="ReferenceError">
ReferenceError: React is not defined
 ❯ AddProductDialog src/components/orders/AddProductDialog.tsx:61:3
 ❯ renderWithHooks node_modules/react-dom/cjs/react-dom.development.js:15486:18
 ❯ mountIndeterminateComponent node_modules/react-dom/cjs/react-dom.development.js:20103:13
 ❯ beginWork node_modules/react-dom/cjs/react-dom.development.js:21626:16
 ❯ HTMLUnknownElement.callCallback node_modules/react-dom/cjs/react-dom.development.js:4164:14
 ❯ HTMLUnknownElement.#callDispatchEventListeners node_modules/happy-dom/src/event/EventTarget.ts:289:42
 ❯ HTMLUnknownElement.dispatchEvent node_modules/happy-dom/src/event/EventTarget.ts:136:35
 ❯ HTMLUnknownElement.#goThroughDispatchEventPhases node_modules/happy-dom/src/event/EventTarget.ts:198:33
 ❯ HTMLUnknownElement.dispatchEvent node_modules/happy-dom/src/event/EventTarget.ts:129:38
 ❯ Object.invokeGuardedCallbackDev node_modules/react-dom/cjs/react-dom.development.js:4213:16
            </failure>
        </testcase>
        <testcase classname="tests/e2e/MOQPurchaseOrderFlow.test.tsx" name="MOQ Purchase Order Flow E2E Tests &gt; MOQ Adjustment Interactions &gt; should update totals when quantities are adjusted for MOQ compliance" time="0.102449634">
            <system-err>
The above error occurred in the &lt;AddProductDialog&gt; component:

    at AddProductDialog (/workspaces/source-lovable-animalfarmacy/src/components/orders/AddProductDialog.tsx:17:29)
    at div
    at Provider (file:///workspaces/source-lovable-animalfarmacy/node_modules/@radix-ui/react-tooltip/node_modules/@radix-ui/react-context/dist/index.mjs:27:15)
    at TooltipProvider (file:///workspaces/source-lovable-animalfarmacy/node_modules/@radix-ui/react-tooltip/dist/index.mjs:29:5)
    at /workspaces/source-lovable-animalfarmacy/src/components/ui/sidebar.tsx:41:5
    at PurchaseOrderEditor (/workspaces/source-lovable-animalfarmacy/src/pages/PurchaseOrderEditor.tsx:32:42)
    at Router (/workspaces/source-lovable-animalfarmacy/node_modules/react-router/dist/umd/react-router.development.js:1174:17)
    at MemoryRouter (/workspaces/source-lovable-animalfarmacy/node_modules/react-router/dist/umd/react-router.development.js:1069:7)
    at QueryClientProvider (file:///workspaces/source-lovable-animalfarmacy/node_modules/@tanstack/react-query/build/modern/QueryClientProvider.js:20:3)

Consider adding an error boundary to your tree to customize error handling behavior.
Visit https://reactjs.org/link/error-boundaries to learn more about error boundaries.

            </system-err>
            <failure message="React is not defined" type="ReferenceError">
ReferenceError: React is not defined
 ❯ AddProductDialog src/components/orders/AddProductDialog.tsx:61:3
 ❯ renderWithHooks node_modules/react-dom/cjs/react-dom.development.js:15486:18
 ❯ mountIndeterminateComponent node_modules/react-dom/cjs/react-dom.development.js:20103:13
 ❯ beginWork node_modules/react-dom/cjs/react-dom.development.js:21626:16
 ❯ HTMLUnknownElement.callCallback node_modules/react-dom/cjs/react-dom.development.js:4164:14
 ❯ HTMLUnknownElement.#callDispatchEventListeners node_modules/happy-dom/src/event/EventTarget.ts:289:42
 ❯ HTMLUnknownElement.dispatchEvent node_modules/happy-dom/src/event/EventTarget.ts:136:35
 ❯ HTMLUnknownElement.#goThroughDispatchEventPhases node_modules/happy-dom/src/event/EventTarget.ts:198:33
 ❯ HTMLUnknownElement.dispatchEvent node_modules/happy-dom/src/event/EventTarget.ts:129:38
 ❯ Object.invokeGuardedCallbackDev node_modules/react-dom/cjs/react-dom.development.js:4213:16
            </failure>
        </testcase>
        <testcase classname="tests/e2e/MOQPurchaseOrderFlow.test.tsx" name="MOQ Purchase Order Flow E2E Tests &gt; MOQ Adjustment Interactions &gt; should use + and - buttons to adjust quantities with MOQ validation" time="0.149364045">
            <system-err>
The above error occurred in the &lt;AddProductDialog&gt; component:

    at AddProductDialog (/workspaces/source-lovable-animalfarmacy/src/components/orders/AddProductDialog.tsx:17:29)
    at div
    at Provider (file:///workspaces/source-lovable-animalfarmacy/node_modules/@radix-ui/react-tooltip/node_modules/@radix-ui/react-context/dist/index.mjs:27:15)
    at TooltipProvider (file:///workspaces/source-lovable-animalfarmacy/node_modules/@radix-ui/react-tooltip/dist/index.mjs:29:5)
    at /workspaces/source-lovable-animalfarmacy/src/components/ui/sidebar.tsx:41:5
    at PurchaseOrderEditor (/workspaces/source-lovable-animalfarmacy/src/pages/PurchaseOrderEditor.tsx:32:42)
    at Router (/workspaces/source-lovable-animalfarmacy/node_modules/react-router/dist/umd/react-router.development.js:1174:17)
    at MemoryRouter (/workspaces/source-lovable-animalfarmacy/node_modules/react-router/dist/umd/react-router.development.js:1069:7)
    at QueryClientProvider (file:///workspaces/source-lovable-animalfarmacy/node_modules/@tanstack/react-query/build/modern/QueryClientProvider.js:20:3)

Consider adding an error boundary to your tree to customize error handling behavior.
Visit https://reactjs.org/link/error-boundaries to learn more about error boundaries.

            </system-err>
            <failure message="React is not defined" type="ReferenceError">
ReferenceError: React is not defined
 ❯ AddProductDialog src/components/orders/AddProductDialog.tsx:61:3
 ❯ renderWithHooks node_modules/react-dom/cjs/react-dom.development.js:15486:18
 ❯ mountIndeterminateComponent node_modules/react-dom/cjs/react-dom.development.js:20103:13
 ❯ beginWork node_modules/react-dom/cjs/react-dom.development.js:21626:16
 ❯ HTMLUnknownElement.callCallback node_modules/react-dom/cjs/react-dom.development.js:4164:14
 ❯ HTMLUnknownElement.#callDispatchEventListeners node_modules/happy-dom/src/event/EventTarget.ts:289:42
 ❯ HTMLUnknownElement.dispatchEvent node_modules/happy-dom/src/event/EventTarget.ts:136:35
 ❯ HTMLUnknownElement.#goThroughDispatchEventPhases node_modules/happy-dom/src/event/EventTarget.ts:198:33
 ❯ HTMLUnknownElement.dispatchEvent node_modules/happy-dom/src/event/EventTarget.ts:129:38
 ❯ Object.invokeGuardedCallbackDev node_modules/react-dom/cjs/react-dom.development.js:4213:16
            </failure>
        </testcase>
        <testcase classname="tests/e2e/MOQPurchaseOrderFlow.test.tsx" name="MOQ Purchase Order Flow E2E Tests &gt; Order Validation and Submission &gt; should validate MOQ compliance before allowing order submission" time="0.116223144">
            <system-err>
The above error occurred in the &lt;AddProductDialog&gt; component:

    at AddProductDialog (/workspaces/source-lovable-animalfarmacy/src/components/orders/AddProductDialog.tsx:17:29)
    at div
    at Provider (file:///workspaces/source-lovable-animalfarmacy/node_modules/@radix-ui/react-tooltip/node_modules/@radix-ui/react-context/dist/index.mjs:27:15)
    at TooltipProvider (file:///workspaces/source-lovable-animalfarmacy/node_modules/@radix-ui/react-tooltip/dist/index.mjs:29:5)
    at /workspaces/source-lovable-animalfarmacy/src/components/ui/sidebar.tsx:41:5
    at PurchaseOrderEditor (/workspaces/source-lovable-animalfarmacy/src/pages/PurchaseOrderEditor.tsx:32:42)
    at Router (/workspaces/source-lovable-animalfarmacy/node_modules/react-router/dist/umd/react-router.development.js:1174:17)
    at MemoryRouter (/workspaces/source-lovable-animalfarmacy/node_modules/react-router/dist/umd/react-router.development.js:1069:7)
    at QueryClientProvider (file:///workspaces/source-lovable-animalfarmacy/node_modules/@tanstack/react-query/build/modern/QueryClientProvider.js:20:3)

Consider adding an error boundary to your tree to customize error handling behavior.
Visit https://reactjs.org/link/error-boundaries to learn more about error boundaries.

            </system-err>
            <failure message="React is not defined" type="ReferenceError">
ReferenceError: React is not defined
 ❯ AddProductDialog src/components/orders/AddProductDialog.tsx:61:3
 ❯ renderWithHooks node_modules/react-dom/cjs/react-dom.development.js:15486:18
 ❯ mountIndeterminateComponent node_modules/react-dom/cjs/react-dom.development.js:20103:13
 ❯ beginWork node_modules/react-dom/cjs/react-dom.development.js:21626:16
 ❯ HTMLUnknownElement.callCallback node_modules/react-dom/cjs/react-dom.development.js:4164:14
 ❯ HTMLUnknownElement.#callDispatchEventListeners node_modules/happy-dom/src/event/EventTarget.ts:289:42
 ❯ HTMLUnknownElement.dispatchEvent node_modules/happy-dom/src/event/EventTarget.ts:136:35
 ❯ HTMLUnknownElement.#goThroughDispatchEventPhases node_modules/happy-dom/src/event/EventTarget.ts:198:33
 ❯ HTMLUnknownElement.dispatchEvent node_modules/happy-dom/src/event/EventTarget.ts:129:38
 ❯ Object.invokeGuardedCallbackDev node_modules/react-dom/cjs/react-dom.development.js:4213:16
            </failure>
        </testcase>
        <testcase classname="tests/e2e/MOQPurchaseOrderFlow.test.tsx" name="MOQ Purchase Order Flow E2E Tests &gt; Order Validation and Submission &gt; should allow order submission when all MOQ requirements are met" time="0.042855551">
            <system-err>
The above error occurred in the &lt;AddProductDialog&gt; component:

    at AddProductDialog (/workspaces/source-lovable-animalfarmacy/src/components/orders/AddProductDialog.tsx:17:29)
    at div
    at Provider (file:///workspaces/source-lovable-animalfarmacy/node_modules/@radix-ui/react-tooltip/node_modules/@radix-ui/react-context/dist/index.mjs:27:15)
    at TooltipProvider (file:///workspaces/source-lovable-animalfarmacy/node_modules/@radix-ui/react-tooltip/dist/index.mjs:29:5)
    at /workspaces/source-lovable-animalfarmacy/src/components/ui/sidebar.tsx:41:5
    at PurchaseOrderEditor (/workspaces/source-lovable-animalfarmacy/src/pages/PurchaseOrderEditor.tsx:32:42)
    at Router (/workspaces/source-lovable-animalfarmacy/node_modules/react-router/dist/umd/react-router.development.js:1174:17)
    at MemoryRouter (/workspaces/source-lovable-animalfarmacy/node_modules/react-router/dist/umd/react-router.development.js:1069:7)
    at QueryClientProvider (file:///workspaces/source-lovable-animalfarmacy/node_modules/@tanstack/react-query/build/modern/QueryClientProvider.js:20:3)

Consider adding an error boundary to your tree to customize error handling behavior.
Visit https://reactjs.org/link/error-boundaries to learn more about error boundaries.

            </system-err>
            <failure message="React is not defined" type="ReferenceError">
ReferenceError: React is not defined
 ❯ AddProductDialog src/components/orders/AddProductDialog.tsx:61:3
 ❯ renderWithHooks node_modules/react-dom/cjs/react-dom.development.js:15486:18
 ❯ mountIndeterminateComponent node_modules/react-dom/cjs/react-dom.development.js:20103:13
 ❯ beginWork node_modules/react-dom/cjs/react-dom.development.js:21626:16
 ❯ HTMLUnknownElement.callCallback node_modules/react-dom/cjs/react-dom.development.js:4164:14
 ❯ HTMLUnknownElement.#callDispatchEventListeners node_modules/happy-dom/src/event/EventTarget.ts:289:42
 ❯ HTMLUnknownElement.dispatchEvent node_modules/happy-dom/src/event/EventTarget.ts:136:35
 ❯ HTMLUnknownElement.#goThroughDispatchEventPhases node_modules/happy-dom/src/event/EventTarget.ts:198:33
 ❯ HTMLUnknownElement.dispatchEvent node_modules/happy-dom/src/event/EventTarget.ts:129:38
 ❯ Object.invokeGuardedCallbackDev node_modules/react-dom/cjs/react-dom.development.js:4213:16
            </failure>
        </testcase>
        <testcase classname="tests/e2e/MOQPurchaseOrderFlow.test.tsx" name="MOQ Purchase Order Flow E2E Tests &gt; Order Validation and Submission &gt; should calculate final order totals correctly with MOQ adjustments" time="0.080562719">
            <system-err>
The above error occurred in the &lt;AddProductDialog&gt; component:

    at AddProductDialog (/workspaces/source-lovable-animalfarmacy/src/components/orders/AddProductDialog.tsx:17:29)
    at div
    at Provider (file:///workspaces/source-lovable-animalfarmacy/node_modules/@radix-ui/react-tooltip/node_modules/@radix-ui/react-context/dist/index.mjs:27:15)
    at TooltipProvider (file:///workspaces/source-lovable-animalfarmacy/node_modules/@radix-ui/react-tooltip/dist/index.mjs:29:5)
    at /workspaces/source-lovable-animalfarmacy/src/components/ui/sidebar.tsx:41:5
    at PurchaseOrderEditor (/workspaces/source-lovable-animalfarmacy/src/pages/PurchaseOrderEditor.tsx:32:42)
    at Router (/workspaces/source-lovable-animalfarmacy/node_modules/react-router/dist/umd/react-router.development.js:1174:17)
    at MemoryRouter (/workspaces/source-lovable-animalfarmacy/node_modules/react-router/dist/umd/react-router.development.js:1069:7)
    at QueryClientProvider (file:///workspaces/source-lovable-animalfarmacy/node_modules/@tanstack/react-query/build/modern/QueryClientProvider.js:20:3)

Consider adding an error boundary to your tree to customize error handling behavior.
Visit https://reactjs.org/link/error-boundaries to learn more about error boundaries.

            </system-err>
            <failure message="React is not defined" type="ReferenceError">
ReferenceError: React is not defined
 ❯ AddProductDialog src/components/orders/AddProductDialog.tsx:61:3
 ❯ renderWithHooks node_modules/react-dom/cjs/react-dom.development.js:15486:18
 ❯ mountIndeterminateComponent node_modules/react-dom/cjs/react-dom.development.js:20103:13
 ❯ beginWork node_modules/react-dom/cjs/react-dom.development.js:21626:16
 ❯ HTMLUnknownElement.callCallback node_modules/react-dom/cjs/react-dom.development.js:4164:14
 ❯ HTMLUnknownElement.#callDispatchEventListeners node_modules/happy-dom/src/event/EventTarget.ts:289:42
 ❯ HTMLUnknownElement.dispatchEvent node_modules/happy-dom/src/event/EventTarget.ts:136:35
 ❯ HTMLUnknownElement.#goThroughDispatchEventPhases node_modules/happy-dom/src/event/EventTarget.ts:198:33
 ❯ HTMLUnknownElement.dispatchEvent node_modules/happy-dom/src/event/EventTarget.ts:129:38
 ❯ Object.invokeGuardedCallbackDev node_modules/react-dom/cjs/react-dom.development.js:4213:16
            </failure>
        </testcase>
        <testcase classname="tests/e2e/MOQPurchaseOrderFlow.test.tsx" name="MOQ Purchase Order Flow E2E Tests &gt; Error Handling and Edge Cases &gt; should handle products with missing MOQ data gracefully" time="0.072650878">
            <system-err>
The above error occurred in the &lt;AddProductDialog&gt; component:

    at AddProductDialog (/workspaces/source-lovable-animalfarmacy/src/components/orders/AddProductDialog.tsx:17:29)
    at div
    at Provider (file:///workspaces/source-lovable-animalfarmacy/node_modules/@radix-ui/react-tooltip/node_modules/@radix-ui/react-context/dist/index.mjs:27:15)
    at TooltipProvider (file:///workspaces/source-lovable-animalfarmacy/node_modules/@radix-ui/react-tooltip/dist/index.mjs:29:5)
    at /workspaces/source-lovable-animalfarmacy/src/components/ui/sidebar.tsx:41:5
    at PurchaseOrderEditor (/workspaces/source-lovable-animalfarmacy/src/pages/PurchaseOrderEditor.tsx:32:42)
    at Router (/workspaces/source-lovable-animalfarmacy/node_modules/react-router/dist/umd/react-router.development.js:1174:17)
    at MemoryRouter (/workspaces/source-lovable-animalfarmacy/node_modules/react-router/dist/umd/react-router.development.js:1069:7)
    at QueryClientProvider (file:///workspaces/source-lovable-animalfarmacy/node_modules/@tanstack/react-query/build/modern/QueryClientProvider.js:20:3)

Consider adding an error boundary to your tree to customize error handling behavior.
Visit https://reactjs.org/link/error-boundaries to learn more about error boundaries.

            </system-err>
            <failure message="React is not defined" type="ReferenceError">
ReferenceError: React is not defined
 ❯ AddProductDialog src/components/orders/AddProductDialog.tsx:61:3
 ❯ renderWithHooks node_modules/react-dom/cjs/react-dom.development.js:15486:18
 ❯ mountIndeterminateComponent node_modules/react-dom/cjs/react-dom.development.js:20103:13
 ❯ beginWork node_modules/react-dom/cjs/react-dom.development.js:21626:16
 ❯ HTMLUnknownElement.callCallback node_modules/react-dom/cjs/react-dom.development.js:4164:14
 ❯ HTMLUnknownElement.#callDispatchEventListeners node_modules/happy-dom/src/event/EventTarget.ts:289:42
 ❯ HTMLUnknownElement.dispatchEvent node_modules/happy-dom/src/event/EventTarget.ts:136:35
 ❯ HTMLUnknownElement.#goThroughDispatchEventPhases node_modules/happy-dom/src/event/EventTarget.ts:198:33
 ❯ HTMLUnknownElement.dispatchEvent node_modules/happy-dom/src/event/EventTarget.ts:129:38
 ❯ Object.invokeGuardedCallbackDev node_modules/react-dom/cjs/react-dom.development.js:4213:16
            </failure>
        </testcase>
        <testcase classname="tests/e2e/MOQPurchaseOrderFlow.test.tsx" name="MOQ Purchase Order Flow E2E Tests &gt; Error Handling and Edge Cases &gt; should handle zero quantities with MOQ requirements" time="0.070881989">
            <system-err>
The above error occurred in the &lt;AddProductDialog&gt; component:

    at AddProductDialog (/workspaces/source-lovable-animalfarmacy/src/components/orders/AddProductDialog.tsx:17:29)
    at div
    at Provider (file:///workspaces/source-lovable-animalfarmacy/node_modules/@radix-ui/react-tooltip/node_modules/@radix-ui/react-context/dist/index.mjs:27:15)
    at TooltipProvider (file:///workspaces/source-lovable-animalfarmacy/node_modules/@radix-ui/react-tooltip/dist/index.mjs:29:5)
    at /workspaces/source-lovable-animalfarmacy/src/components/ui/sidebar.tsx:41:5
    at PurchaseOrderEditor (/workspaces/source-lovable-animalfarmacy/src/pages/PurchaseOrderEditor.tsx:32:42)
    at Router (/workspaces/source-lovable-animalfarmacy/node_modules/react-router/dist/umd/react-router.development.js:1174:17)
    at MemoryRouter (/workspaces/source-lovable-animalfarmacy/node_modules/react-router/dist/umd/react-router.development.js:1069:7)
    at QueryClientProvider (file:///workspaces/source-lovable-animalfarmacy/node_modules/@tanstack/react-query/build/modern/QueryClientProvider.js:20:3)

Consider adding an error boundary to your tree to customize error handling behavior.
Visit https://reactjs.org/link/error-boundaries to learn more about error boundaries.

            </system-err>
            <failure message="React is not defined" type="ReferenceError">
ReferenceError: React is not defined
 ❯ AddProductDialog src/components/orders/AddProductDialog.tsx:61:3
 ❯ renderWithHooks node_modules/react-dom/cjs/react-dom.development.js:15486:18
 ❯ mountIndeterminateComponent node_modules/react-dom/cjs/react-dom.development.js:20103:13
 ❯ beginWork node_modules/react-dom/cjs/react-dom.development.js:21626:16
 ❯ HTMLUnknownElement.callCallback node_modules/react-dom/cjs/react-dom.development.js:4164:14
 ❯ HTMLUnknownElement.#callDispatchEventListeners node_modules/happy-dom/src/event/EventTarget.ts:289:42
 ❯ HTMLUnknownElement.dispatchEvent node_modules/happy-dom/src/event/EventTarget.ts:136:35
 ❯ HTMLUnknownElement.#goThroughDispatchEventPhases node_modules/happy-dom/src/event/EventTarget.ts:198:33
 ❯ HTMLUnknownElement.dispatchEvent node_modules/happy-dom/src/event/EventTarget.ts:129:38
 ❯ Object.invokeGuardedCallbackDev node_modules/react-dom/cjs/react-dom.development.js:4213:16
            </failure>
        </testcase>
        <testcase classname="tests/e2e/MOQPurchaseOrderFlow.test.tsx" name="MOQ Purchase Order Flow E2E Tests &gt; Error Handling and Edge Cases &gt; should perform well with multiple MOQ calculations" time="0.108421067">
            <system-err>
The above error occurred in the &lt;AddProductDialog&gt; component:

    at AddProductDialog (/workspaces/source-lovable-animalfarmacy/src/components/orders/AddProductDialog.tsx:17:29)
    at div
    at Provider (file:///workspaces/source-lovable-animalfarmacy/node_modules/@radix-ui/react-tooltip/node_modules/@radix-ui/react-context/dist/index.mjs:27:15)
    at TooltipProvider (file:///workspaces/source-lovable-animalfarmacy/node_modules/@radix-ui/react-tooltip/dist/index.mjs:29:5)
    at /workspaces/source-lovable-animalfarmacy/src/components/ui/sidebar.tsx:41:5
    at PurchaseOrderEditor (/workspaces/source-lovable-animalfarmacy/src/pages/PurchaseOrderEditor.tsx:32:42)
    at Router (/workspaces/source-lovable-animalfarmacy/node_modules/react-router/dist/umd/react-router.development.js:1174:17)
    at MemoryRouter (/workspaces/source-lovable-animalfarmacy/node_modules/react-router/dist/umd/react-router.development.js:1069:7)
    at QueryClientProvider (file:///workspaces/source-lovable-animalfarmacy/node_modules/@tanstack/react-query/build/modern/QueryClientProvider.js:20:3)

Consider adding an error boundary to your tree to customize error handling behavior.
Visit https://reactjs.org/link/error-boundaries to learn more about error boundaries.

            </system-err>
            <failure message="React is not defined" type="ReferenceError">
ReferenceError: React is not defined
 ❯ AddProductDialog src/components/orders/AddProductDialog.tsx:61:3
 ❯ renderWithHooks node_modules/react-dom/cjs/react-dom.development.js:15486:18
 ❯ mountIndeterminateComponent node_modules/react-dom/cjs/react-dom.development.js:20103:13
 ❯ beginWork node_modules/react-dom/cjs/react-dom.development.js:21626:16
 ❯ HTMLUnknownElement.callCallback node_modules/react-dom/cjs/react-dom.development.js:4164:14
 ❯ HTMLUnknownElement.#callDispatchEventListeners node_modules/happy-dom/src/event/EventTarget.ts:289:42
 ❯ HTMLUnknownElement.dispatchEvent node_modules/happy-dom/src/event/EventTarget.ts:136:35
 ❯ HTMLUnknownElement.#goThroughDispatchEventPhases node_modules/happy-dom/src/event/EventTarget.ts:198:33
 ❯ HTMLUnknownElement.dispatchEvent node_modules/happy-dom/src/event/EventTarget.ts:129:38
 ❯ Object.invokeGuardedCallbackDev node_modules/react-dom/cjs/react-dom.development.js:4213:16
            </failure>
        </testcase>
        <testcase classname="tests/e2e/MOQPurchaseOrderFlow.test.tsx" name="MOQ Purchase Order Flow E2E Tests &gt; Accessibility and User Experience &gt; should provide clear feedback about MOQ requirements" time="0.123234389">
            <system-err>
The above error occurred in the &lt;AddProductDialog&gt; component:

    at AddProductDialog (/workspaces/source-lovable-animalfarmacy/src/components/orders/AddProductDialog.tsx:17:29)
    at div
    at Provider (file:///workspaces/source-lovable-animalfarmacy/node_modules/@radix-ui/react-tooltip/node_modules/@radix-ui/react-context/dist/index.mjs:27:15)
    at TooltipProvider (file:///workspaces/source-lovable-animalfarmacy/node_modules/@radix-ui/react-tooltip/dist/index.mjs:29:5)
    at /workspaces/source-lovable-animalfarmacy/src/components/ui/sidebar.tsx:41:5
    at PurchaseOrderEditor (/workspaces/source-lovable-animalfarmacy/src/pages/PurchaseOrderEditor.tsx:32:42)
    at Router (/workspaces/source-lovable-animalfarmacy/node_modules/react-router/dist/umd/react-router.development.js:1174:17)
    at MemoryRouter (/workspaces/source-lovable-animalfarmacy/node_modules/react-router/dist/umd/react-router.development.js:1069:7)
    at QueryClientProvider (file:///workspaces/source-lovable-animalfarmacy/node_modules/@tanstack/react-query/build/modern/QueryClientProvider.js:20:3)

Consider adding an error boundary to your tree to customize error handling behavior.
Visit https://reactjs.org/link/error-boundaries to learn more about error boundaries.

            </system-err>
            <failure message="React is not defined" type="ReferenceError">
ReferenceError: React is not defined
 ❯ AddProductDialog src/components/orders/AddProductDialog.tsx:61:3
 ❯ renderWithHooks node_modules/react-dom/cjs/react-dom.development.js:15486:18
 ❯ mountIndeterminateComponent node_modules/react-dom/cjs/react-dom.development.js:20103:13
 ❯ beginWork node_modules/react-dom/cjs/react-dom.development.js:21626:16
 ❯ HTMLUnknownElement.callCallback node_modules/react-dom/cjs/react-dom.development.js:4164:14
 ❯ HTMLUnknownElement.#callDispatchEventListeners node_modules/happy-dom/src/event/EventTarget.ts:289:42
 ❯ HTMLUnknownElement.dispatchEvent node_modules/happy-dom/src/event/EventTarget.ts:136:35
 ❯ HTMLUnknownElement.#goThroughDispatchEventPhases node_modules/happy-dom/src/event/EventTarget.ts:198:33
 ❯ HTMLUnknownElement.dispatchEvent node_modules/happy-dom/src/event/EventTarget.ts:129:38
 ❯ Object.invokeGuardedCallbackDev node_modules/react-dom/cjs/react-dom.development.js:4213:16
            </failure>
        </testcase>
        <testcase classname="tests/e2e/MOQPurchaseOrderFlow.test.tsx" name="MOQ Purchase Order Flow E2E Tests &gt; Accessibility and User Experience &gt; should maintain functionality across different screen sizes" time="0.106830077">
            <system-err>
The above error occurred in the &lt;AddProductDialog&gt; component:

    at AddProductDialog (/workspaces/source-lovable-animalfarmacy/src/components/orders/AddProductDialog.tsx:17:29)
    at div
    at Provider (file:///workspaces/source-lovable-animalfarmacy/node_modules/@radix-ui/react-tooltip/node_modules/@radix-ui/react-context/dist/index.mjs:27:15)
    at TooltipProvider (file:///workspaces/source-lovable-animalfarmacy/node_modules/@radix-ui/react-tooltip/dist/index.mjs:29:5)
    at /workspaces/source-lovable-animalfarmacy/src/components/ui/sidebar.tsx:41:5
    at PurchaseOrderEditor (/workspaces/source-lovable-animalfarmacy/src/pages/PurchaseOrderEditor.tsx:32:42)
    at Router (/workspaces/source-lovable-animalfarmacy/node_modules/react-router/dist/umd/react-router.development.js:1174:17)
    at MemoryRouter (/workspaces/source-lovable-animalfarmacy/node_modules/react-router/dist/umd/react-router.development.js:1069:7)
    at QueryClientProvider (file:///workspaces/source-lovable-animalfarmacy/node_modules/@tanstack/react-query/build/modern/QueryClientProvider.js:20:3)

Consider adding an error boundary to your tree to customize error handling behavior.
Visit https://reactjs.org/link/error-boundaries to learn more about error boundaries.

            </system-err>
            <failure message="React is not defined" type="ReferenceError">
ReferenceError: React is not defined
 ❯ AddProductDialog src/components/orders/AddProductDialog.tsx:61:3
 ❯ renderWithHooks node_modules/react-dom/cjs/react-dom.development.js:15486:18
 ❯ mountIndeterminateComponent node_modules/react-dom/cjs/react-dom.development.js:20103:13
 ❯ beginWork node_modules/react-dom/cjs/react-dom.development.js:21626:16
 ❯ HTMLUnknownElement.callCallback node_modules/react-dom/cjs/react-dom.development.js:4164:14
 ❯ HTMLUnknownElement.#callDispatchEventListeners node_modules/happy-dom/src/event/EventTarget.ts:289:42
 ❯ HTMLUnknownElement.dispatchEvent node_modules/happy-dom/src/event/EventTarget.ts:136:35
 ❯ HTMLUnknownElement.#goThroughDispatchEventPhases node_modules/happy-dom/src/event/EventTarget.ts:198:33
 ❯ HTMLUnknownElement.dispatchEvent node_modules/happy-dom/src/event/EventTarget.ts:129:38
 ❯ Object.invokeGuardedCallbackDev node_modules/react-dom/cjs/react-dom.development.js:4213:16
            </failure>
        </testcase>
    </testsuite>
    <testsuite name="tests/unit/vendor-from-first-product.test.tsx" timestamp="2025-08-05T00:52:17.730Z" hostname="codespaces-9eea89" tests="2" failures="2" errors="0" skipped="0" time="0.010424304">
        <testcase classname="tests/unit/vendor-from-first-product.test.tsx" name="Vendor from First Product &gt; should set vendor from the first product in search results" time="0.007679332">
            <failure message="[vitest] No &quot;BrowserRouter&quot; export is defined on the &quot;react-router-dom&quot; mock. Did you forget to return it from &quot;vi.mock&quot;?
If you need to partially mock a module, you can use &quot;importOriginal&quot; helper inside:
" type="Error">
Error: [vitest] No &quot;BrowserRouter&quot; export is defined on the &quot;react-router-dom&quot; mock. Did you forget to return it from &quot;vi.mock&quot;?
If you need to partially mock a module, you can use &quot;importOriginal&quot; helper inside:

vi.mock(import(&quot;react-router-dom&quot;), async (importOriginal) =&gt; {
  const actual = await importOriginal()
  return {
    ...actual,
    // your mocked methods
  }
})

 ❯ tests/unit/vendor-from-first-product.test.tsx:104:8
            </failure>
        </testcase>
        <testcase classname="tests/unit/vendor-from-first-product.test.tsx" name="Vendor from First Product &gt; should handle case when products have no vendor" time="0.001165595">
            <failure message="[vitest] No &quot;BrowserRouter&quot; export is defined on the &quot;react-router-dom&quot; mock. Did you forget to return it from &quot;vi.mock&quot;?
If you need to partially mock a module, you can use &quot;importOriginal&quot; helper inside:
" type="Error">
Error: [vitest] No &quot;BrowserRouter&quot; export is defined on the &quot;react-router-dom&quot; mock. Did you forget to return it from &quot;vi.mock&quot;?
If you need to partially mock a module, you can use &quot;importOriginal&quot; helper inside:

vi.mock(import(&quot;react-router-dom&quot;), async (importOriginal) =&gt; {
  const actual = await importOriginal()
  return {
    ...actual,
    // your mocked methods
  }
})

 ❯ tests/unit/vendor-from-first-product.test.tsx:159:8
            </failure>
        </testcase>
    </testsuite>
    <testsuite name="tests/unit/components/MOQFeedback.test.tsx" timestamp="2025-08-05T00:52:17.732Z" hostname="codespaces-9eea89" tests="21" failures="10" errors="0" skipped="0" time="0.303338855">
        <testcase classname="tests/unit/components/MOQFeedback.test.tsx" name="MOQFeedback Component &gt; renders correctly &gt; should display MOQ warning when quantity is below minimum" time="0.071643976">
            <failure message="Unable to find an element with the text: /Requested: 10 units/. This could be because the text is broken up by multiple elements. In this case, you can provide a function for your text matcher to make your matcher more flexible.

Ignored nodes: comments, script, style
[36m&lt;body&gt;[39m
  [36m&lt;div&gt;[39m
    [36m&lt;div[39m
      [33mclass[39m=[32m&quot;relative w-full rounded-lg border p-4 [&amp;&gt;svg~*]:pl-7 [&amp;&gt;svg+div]:translate-y-[-3px] [&amp;&gt;svg]:absolute [&amp;&gt;svg]:left-4 [&amp;&gt;svg]:top-4 [&amp;&gt;svg]:text-foreground text-foreground mt-3 border-orange-200 bg-orange-50&quot;[39m
      [33mrole[39m=[32m&quot;alert&quot;[39m
    [36m&gt;[39m
      [36m&lt;div[39m
        [33mclass[39m=[32m&quot;flex items-start gap-3&quot;[39m
      [36m&gt;[39m
        [36m&lt;svg[39m
          [33mclass[39m=[32m&quot;lucide lucide-triangle-alert h-5 w-5 text-orange-600 flex-shrink-0 mt-0.5&quot;[39m
          [33mfill[39m=[32m&quot;none&quot;[39m
          [33mheight[39m=[32m&quot;24&quot;[39m
          [33mstroke[39m=[32m&quot;currentColor&quot;[39m
          [33mstroke-linecap[39m=[32m&quot;round&quot;[39m
          [33mstroke-linejoin[39m=[32m&quot;round&quot;[39m
          [33mstroke-width[39m=[32m&quot;2&quot;[39m
          [33mviewBox[39m=[32m&quot;0 0 24 24&quot;[39m
          [33mwidth[39m=[32m&quot;24&quot;[39m
          [33mxmlns[39m=[32m&quot;http://www.w3.org/2000/svg&quot;[39m
        [36m&gt;[39m
          [36m&lt;path[39m
            [33md[39m=[32m&quot;m21.73 18-8-14a2 2 0 0 0-3.48 0l-8 14A2 2 0 0 0 4 21h16a2 2 0 0 0 1.73-3&quot;[39m
          [36m/&gt;[39m
          [36m&lt;path[39m
            [33md[39m=[32m&quot;M12 9v4&quot;[39m
          [36m/&gt;[39m
          [36m&lt;path[39m
            [33md[39m=[32m&quot;M12 17h.01&quot;[39m
          [36m/&gt;[39m
        [36m&lt;/svg&gt;[39m
        [36m&lt;div[39m
          [33mclass[39m=[32m&quot;flex-1 space-y-3&quot;[39m
        [36m&gt;[39m
          [36m&lt;div&gt;[39m
            [36m&lt;h4[39m
              [33mclass[39m=[32m&quot;font-medium text-orange-800 mb-1&quot;[39m
            [36m&gt;[39m
              [0mBelow Minimum Order Quantity[0m
            [36m&lt;/h4&gt;[39m
            [36m&lt;div[39m
              [33mclass[39m=[32m&quot;text-sm [&amp;_p]:leading-relaxed text-orange-700&quot;[39m
            [36m&gt;[39m
              [0mThis product has a minimum order requirement that your current quantity doesn&apos;t meet.[0m
            [36m&lt;/div&gt;[39m
          [36m&lt;/div&gt;[39m
          [36m&lt;div[39m
            [33mclass[39m=[32m&quot;grid grid-cols-1 sm:grid-cols-2 gap-3 p-3 bg-white rounded-lg border border-orange-200&quot;[39m
          [36m&gt;[39m
            [36m&lt;div[39m
              [33mclass[39m=[32m&quot;flex items-center gap-2&quot;[39m
            [36m&gt;[39m
              [36m&lt;svg[39m
                [33mclass[39m=[32m&quot;lucide lucide-package h-4 w-4 text-gray-500&quot;[39m
                [33mfill[39m=[32m&quot;none&quot;[39m
                [33mheight[39m=[32m&quot;24&quot;[39m
                [33mstroke[39m=[32m&quot;currentColor&quot;[39m
                [33mstroke-linecap[39m=[32m&quot;round&quot;[39m
                [33mstroke-linejoin[39m=[32m&quot;round&quot;[39m
                [33mstroke-width[39m=[32m&quot;2&quot;[39m
                [33mviewBox[39m=[32m&quot;0 0 24 24&quot;[39m
                [33mwidth[39m=[32m&quot;24&quot;[39m
                [33mxmlns[39m=[32m&quot;http://www.w3.org/2000/svg&quot;[39m
              [36m&gt;[39m
                [36m&lt;path[39m
                  [33md[39m=[32m&quot;M11 21.73a2 2 0 0 0 2 0l7-4A2 2 0 0 0 21 16V8a2 2 0 0 0-1-1.73l-7-4a2 2 0 0 0-2 0l-7 4A2 2 0 0 0 3 8v8a2 2 0 0 0 1 1.73z&quot;[39m
                [36m/&gt;[39m
                [36m&lt;path[39m
                  [33md[39m=[32m&quot;M12 22V12&quot;[39m
                [36m/&gt;[39m
                [36m&lt;path[39m
                  [33md[39m=[32m&quot;m3.3 7 7.703 4.734a2 2 0 0 0 1.994 0L20.7 7&quot;[39m
                [36m/&gt;[39m
                [36m&lt;path[39m
                  [33md[39m=[32m&quot;m7.5 4.27 9 5.15&quot;[39m
                [36m/&gt;[39m
              [36m&lt;/svg&gt;[39m
              [36m&lt;div&gt;[39m
                [36m&lt;div[39m
                  [33mclass[39m=[32m&quot;text-sm font-medium text-gray-700&quot;[39m
                [36m&gt;[39m
                  [0mRequested[0m
                [36m&lt;/div&gt;[39m
                [36m&lt;div[39m
                  [33mclass[39m=[32m&quot;text-lg font-semibold text-gray-900&quot;[39m
                [36m&gt;[39m
                  [0m10[0m
                  [0m units[0m
                [36m&lt;/div&gt;[39m
              [36m&lt;/div&gt;[39m
            [36m&lt;/div&gt;[39m
            [36m&lt;div[39m
              [33mclass[39m=[32m&quot;flex items-center gap-2&quot;[39m
            [36m&gt;[39m
              [36m&lt;svg[39m
                [33mclass[39m=[32m&quot;lucide lucide-package h-4 w-4 text-orange-500&quot;[39m
                [33mfill[39m=[32m&quot;none&quot;[39m
                [33mheight[39m=[32m&quot;24&quot;[39m
                [33mstroke[39m=[32m&quot;currentColor&quot;[39m
                [33mstroke-linecap[39m=[32m&quot;round&quot;[39m
                [33mstroke-linejoin[39m=[32m&quot;round&quot;[39m
                [33mstroke-width[39m=[32m&quot;2&quot;[39m
                [33mviewBox[39m=[32m&quot;0 0 24 24&quot;[39m
                [33mwidth[39m=[32m&quot;24&quot;[39m
                [33mxmlns[39m=[32m&quot;http://www.w3.org/2000/svg&quot;[39m
              [36m&gt;[39m
                [36m&lt;path[39m
                  [33md[39m=[32m&quot;M11 21.73a2 2 0 0 0 2 0l7-4A2 2 0 0 0 21 16V8a2 2 0 0 0-1-1.73l-7-4a2 2 0 0 0-2 0l-7 4A2 2 0 0 0 3 8v8a2 2 0 0 0 1 1.73z&quot;[39m
                [36m/&gt;[39m
                [36m&lt;path[39m
                  [33md[39m=[32m&quot;M12 22V12&quot;[39m
                [36m/&gt;[39m
                [36m&lt;path[39m
                  [33md[39m=[32m&quot;m3.3 7 7.703 4.734a2 2 0 0 0 1.994 0L20.7 7&quot;[39m
                [36m/&gt;[39m
                [36m&lt;path[39m
                  [33md[39m=[32m&quot;m7.5 4.27 9 5.15&quot;[39m
                [36m/&gt;[39m
              [36m&lt;/svg&gt;[39m
              [36m&lt;div&gt;[39m
                [36m&lt;div[39m
                  [33mclass[39m=[32m&quot;text-sm font-medium text-gray-700&quot;[39m
                [36m&gt;[39m
                  [0mMinimum required[0m
                [36m&lt;/div&gt;[39m
                [36m&lt;div[39m
                  [33mclass[39m=[32m&quot;text-lg font-semibold text-orange-600&quot;[39m
                [36m&gt;[39m
                  [0m24[0m
                  [0m units[0m
                [36m&lt;/div&gt;[39m
              [36m&lt;/div&gt;[39m
            [36m&lt;/div&gt;[39m
          [36m&lt;/div&gt;[39m
          [36m&lt;div[39m
            [33mclass[39m=[32m&quot;p-3 bg-gray-50 rounded-lg border border-gray-200&quot;[39m
          [36m&gt;[39m
            [36m&lt;div[39m
              [33mclass[39m=[32m&quot;flex items-center gap-2 mb-2&quot;[39m
            [36m&gt;[39m
              [36m&lt;svg[39m
                [33mclass[39m=[32m&quot;lucide lucide-dollar-sign h-4 w-4 text-gray-500&quot;[39m
                [33mfill[39m=[32m&quot;none&quot;[39m
                [33mheight[39m=[32m&quot;24&quot;[39m
                [33mstroke[39m=[32m&quot;currentColor&quot;[39m
                [33mstroke-linecap[39m=[32m&quot;round&quot;[39m
                [33mstroke-linejoin[39m=[32m&quot;round&quot;[39m
                [33mstroke-width[39m=[32m&quot;2&quot;[39m
                [33mviewBox[39m=[32m&quot;0 0 24 24&quot;[39m
                [33mwidth[39m=[32m&quot;24&quot;[39m
                [33mxmlns[39m=[32m&quot;http://www.w3.org/2000/svg&quot;[39m
              [36m&gt;[39m
                [36m&lt;line[39m
                  [33mx1[39m=[32m&quot;12&quot;[39m
                  [33mx2[39m=[32m&quot;12&quot;[39m
                  [33my1[39m=[32m&quot;2&quot;[39m
                  [33my2[39m=[32m&quot;22&quot;[39m
                [36m/&gt;[39m
                [36m&lt;path[39m
                  [33md[39m=[32m&quot;M17 5H9.5a3.5 3.5 0 0 0 0 7h5a3.5 3.5 0 0 1 0 7H6&quot;[39m
                [36m/&gt;[39m
              [36m&lt;/svg&gt;[39m
              [36m&lt;span[39m
                [33mclass[39m=[32m&quot;text-sm font-medium text-gray-700&quot;[39m
              [36m&gt;[39m
                [0mCost Impact[0m
              [36m&lt;/span&gt;[39m
            [36m&lt;/div&gt;[39m
            [36m&lt;div[39m
              [33mclass[39m=[32m&quot;space-y-1&quot;[39m
            [36m&gt;[39m
              [36m&lt;div[39m
                [33mclass[39m=[32m&quot;flex justify-between items-center&quot;[39m
              [36m&gt;[39m
                [36m&lt;span[39m
                  [33mclass[39m=[32m&quot;text-sm text-gray-600&quot;[39m
                [36m&gt;[39m
                  [0mAdditional cost:[0m
                [36m&lt;/span&gt;[39m
                [36m&lt;span[39m
                  [33mclass[39m=[32m&quot;font-semibold text-orange-600&quot;[39m
                [36m&gt;[39m
                  [0m$[0m
                  [0m217.00[0m
                [36m&lt;/span&gt;[39m
              [36m&lt;/div&gt;[39m
              [36m&lt;div[39m
                [33mclass[39m=[32m&quot;flex justify-between items-center&quot;[39m
              [36m&gt;[39m
                [36m&lt;span[39m
                  [33mclass[39m=[32m&quot;text-sm text-gray-600&quot;[39m
                [36m&gt;[39m
                  [0mExtra units:[0m
                [36m&lt;/span&gt;[39m
                [36m&lt;span[39m
                  [33mclass[39m=[32m&quot;font-medium text-gray-700&quot;[39m
                [36m&gt;[39m
                  [0m14[0m
                  [0m units[0m
                [36m&lt;/span&gt;[39m
              [36m&lt;/div&gt;[39m
              [36m&lt;div[39m
                [33mclass[39m=[32m&quot;flex justify-between items-center&quot;[39m
              [36m&gt;[39m
                [36m&lt;span[39m
                  [33mclass[39m=[32m&quot;text-sm text-gray-600&quot;[39m
                [36m&gt;[39m
                  [0mUnit price:[0m
                [36m&lt;/span&gt;[39m
                [36m&lt;span[39m
                  [33mclass[39m=[32m&quot;font-medium text-gray-700&quot;[39m
                [36m&gt;[39m
                  [0m$[0m
                  [0m15.50[0m
                [36m&lt;/span&gt;[39m
              [36m&lt;/div&gt;[39m
            [36m&lt;/div&gt;[39m
          [36m&lt;/div&gt;[39m
          [36m&lt;div[39m
            [33mclass[39m=[32m&quot;flex flex-col sm:flex-row gap-3 pt-2&quot;[39m
          [36m&gt;[39m
            [36m&lt;div[39m
              [33mclass[39m=[32m&quot;flex-1&quot;[39m
            [36m&gt;[39m
              [36m&lt;label[39m
                [33mclass[39m=[32m&quot;block text-sm font-medium text-gray-700 mb-1&quot;[39m
                [33mfor[39m=[32m&quot;moq-quantity-input&quot;[39m
              [36m&gt;[39m
                [0mAdjust Quantity[0m
              [36m&lt;/label&gt;[39m
              [36m&lt;input[39m
                [33maria-describedby[39m=[32m&quot;moq-help-text&quot;[39m
                [33maria-label[39m=[32m&quot;Adjust quantity to meet minimum order requirement&quot;[39m
                [33mclass[39m=[32m&quot;flex h-10 rounded-md border border-input bg-background px-3 py-2 text-base ring-offset-background file:border-0 file:bg-transparent file:text-sm file:font-medium file:text-foreground placeholder:text-muted-foreground focus-visible:outline-none focus-visible:ring-2 focus-visible:ring-ring focus-visible:ring-offset-2 disabled:cursor-not-allowed disabled:opacity-50 md:text-sm w-full&quot;[39m
                [33mid[39m=[32m&quot;moq-quantity-input&quot;[39m
                [33mmin[39m=[32m&quot;24&quot;[39m
                [33mtype[39m=[32m&quot;number&quot;[39m
                [33mvalue[39m=[32m&quot;10&quot;[39m
              [36m/&gt;[39m
              [36m&lt;div[39m
                [33mclass[39m=[32m&quot;text-xs text-gray-500 mt-1&quot;[39m
                [33mid[39m=[32m&quot;moq-help-text&quot;[39m
              [36m&gt;[39m
                [0mMust be at least [0m
                [0m24[0m
                [0m units[0m
              [36m&lt;/div&gt;[39m
            [36m&lt;/div&gt;[39m
            [36m&lt;div[39m
              [33mclass[39m=[32m&quot;flex flex-col justify-end&quot;[39m
            [36m&gt;[39m
              [36m&lt;button[39m
                [33maria-describedby[39m=[32m&quot;accept-adjustment-description&quot;[39m
                [33mclass[39m=[32m&quot;inline-flex items-center justify-center gap-2 whitespace-nowrap rounded-md text-sm font-medium ring-offset-background transition-colors focus-visible:outline-none focus-visible:ring-2 focus-visible:ring-ring focus-visible:ring-offset-2 disabled:pointer-events-none disabled:opacity-50 [&amp;_svg]:pointer-events-none [&amp;_svg]:size-4 [&amp;_svg]:shrink-0 border hover:text-accent-foreground h-10 px-4 py-2 bg-orange-600 text-white border-orange-600 hover:bg-orange-700 hover:border-orange-700&quot;[39m
                [33mdata-button-component[39m=[32m&quot;true&quot;[39m
                [33mtabindex[39m=[32m&quot;0&quot;[39m
              [36m&gt;[39m
                [0mAccept MOQ Adjustment[0m
              [36m&lt;/button&gt;[39m
              [36m&lt;div[39m
                [33mclass[39m=[32m&quot;text-xs text-gray-500 mt-1 text-center&quot;[39m
                [33mid[39m=[32m&quot;accept-adjustment-description&quot;[39m
              [36m&gt;[39m
                [0mSet to [0m
                [0m24[0m
                [0m units[0m
              [36m&lt;/div&gt;[39m
            [36m&lt;/div&gt;[39m
          [36m&lt;/div&gt;[39m
          [36m&lt;div[39m
            [33mclass[39m=[32m&quot;flex flex-wrap gap-2 pt-2&quot;[39m
          [36m&gt;[39m
            [36m&lt;div[39m
              [33mclass[39m=[32m&quot;inline-flex items-center rounded-full border px-2.5 py-0.5 text-xs font-semibold transition-colors focus:outline-none focus:ring-2 focus:ring-ring focus:ring-offset-2 text-orange-700 border-orange-300&quot;[39m
            [36m&gt;[39m
              [0mMin: 24 units[0m
            [36m&lt;/div&gt;[39m
            [36m&lt;div[39m
              [33mclass[39m=[32m&quot;inline-flex items-center rounded-full border px-2.5 py-0.5 text-xs font-semibold transition-colors focus:outline-none focus:ring-2 focus:ring-ring focus:ring-offset-2 text-blue-700 border-blue-300&quot;[39m
            [36m&gt;[39m
              [0m+[0m
              [0m14[0m
              [0m units needed[0m
            [36m&lt;/div&gt;[39m
          [36m&lt;/div&gt;[39m
        [36m&lt;/div&gt;[39m
      [36m&lt;/div&gt;[39m
      [36m&lt;div[39m
        [33maria-label[39m=[32m&quot;MOQ adjustment information&quot;[39m
        [33maria-live[39m=[32m&quot;polite&quot;[39m
        [33mclass[39m=[32m&quot;sr-only&quot;[39m
        [33mrole[39m=[32m&quot;status&quot;[39m
      [36m&gt;[39m
        [0mQuantity [0m
        [0m10[0m
        [0m is below minimum order quantity of [0m
        [0m24[0m
        [0m. Additional cost would be $[0m
        [0m217.00[0m
        [0mfor [0m
        [0m14[0m
        [0m extra units.[0m
      [36m&lt;/div&gt;[39m
    [36m&lt;/div&gt;[39m
  [36m&lt;/div&gt;[39m
[36m&lt;/body&gt;[39m" type="TestingLibraryElementError">
TestingLibraryElementError: Unable to find an element with the text: /Requested: 10 units/. This could be because the text is broken up by multiple elements. In this case, you can provide a function for your text matcher to make your matcher more flexible.

Ignored nodes: comments, script, style
&lt;body&gt;
  &lt;div&gt;
    &lt;div
      class=&quot;relative w-full rounded-lg border p-4 [&amp;&gt;svg~*]:pl-7 [&amp;&gt;svg+div]:translate-y-[-3px] [&amp;&gt;svg]:absolute [&amp;&gt;svg]:left-4 [&amp;&gt;svg]:top-4 [&amp;&gt;svg]:text-foreground text-foreground mt-3 border-orange-200 bg-orange-50&quot;
      role=&quot;alert&quot;
    &gt;
      &lt;div
        class=&quot;flex items-start gap-3&quot;
      &gt;
        &lt;svg
          class=&quot;lucide lucide-triangle-alert h-5 w-5 text-orange-600 flex-shrink-0 mt-0.5&quot;
          fill=&quot;none&quot;
          height=&quot;24&quot;
          stroke=&quot;currentColor&quot;
          stroke-linecap=&quot;round&quot;
          stroke-linejoin=&quot;round&quot;
          stroke-width=&quot;2&quot;
          viewBox=&quot;0 0 24 24&quot;
          width=&quot;24&quot;
          xmlns=&quot;http://www.w3.org/2000/svg&quot;
        &gt;
          &lt;path
            d=&quot;m21.73 18-8-14a2 2 0 0 0-3.48 0l-8 14A2 2 0 0 0 4 21h16a2 2 0 0 0 1.73-3&quot;
          /&gt;
          &lt;path
            d=&quot;M12 9v4&quot;
          /&gt;
          &lt;path
            d=&quot;M12 17h.01&quot;
          /&gt;
        &lt;/svg&gt;
        &lt;div
          class=&quot;flex-1 space-y-3&quot;
        &gt;
          &lt;div&gt;
            &lt;h4
              class=&quot;font-medium text-orange-800 mb-1&quot;
            &gt;
              Below Minimum Order Quantity
            &lt;/h4&gt;
            &lt;div
              class=&quot;text-sm [&amp;_p]:leading-relaxed text-orange-700&quot;
            &gt;
              This product has a minimum order requirement that your current quantity doesn&apos;t meet.
            &lt;/div&gt;
          &lt;/div&gt;
          &lt;div
[...]
            <failure message="cacheService.setBatch is not a function" type="TypeError">
TypeError: cacheService.setBatch is not a function
 ❯ tests/unit/services/CacheService.test.ts:339:26
            </failure>
        </testcase>
        <testcase classname="tests/unit/services/CacheService.test.ts" name="CacheService &gt; Batch operations &gt; should perform batch delete operations" time="0.002186404">
            <failure message="cacheService.deleteBatch is not a function" type="TypeError">
TypeError: cacheService.deleteBatch is not a function
 ❯ tests/unit/services/CacheService.test.ts:362:26
            </failure>
        </testcase>
        <testcase classname="tests/unit/services/CacheService.test.ts" name="CacheService &gt; Cache invalidation &gt; should invalidate cache entries by pattern" time="0.004424628">
            <failure message="cacheService.invalidatePattern is not a function" type="TypeError">
TypeError: cacheService.invalidatePattern is not a function
 ❯ tests/unit/services/CacheService.test.ts:390:26
            </failure>
        </testcase>
        <testcase classname="tests/unit/services/CacheService.test.ts" name="CacheService &gt; Cache invalidation &gt; should invalidate cache entries by tag" time="0.012393455">
            <failure message="cacheService.invalidateTag is not a function" type="TypeError">
TypeError: cacheService.invalidateTag is not a function
 ❯ tests/unit/services/CacheService.test.ts:416:26
            </failure>
        </testcase>
        <testcase classname="tests/unit/services/CacheService.test.ts" name="CacheService &gt; Cache statistics and monitoring &gt; should return comprehensive cache statistics" time="0.047084707">
            <failure message="expected { hits: +0, misses: +0, …(3) } to match object { hitCount: Any&lt;Number&gt;, …(4) }
(5 matching properties omitted from actual)" type="AssertionError">
AssertionError: expected { hits: +0, misses: +0, …(3) } to match object { hitCount: Any&lt;Number&gt;, …(4) }
(5 matching properties omitted from actual)

- Expected
+ Received

  {
-   &quot;evictionCount&quot;: Any&lt;Number&gt;,
-   &quot;hitCount&quot;: Any&lt;Number&gt;,
-   &quot;hitRatio&quot;: Any&lt;Number&gt;,
-   &quot;missCount&quot;: Any&lt;Number&gt;,
-   &quot;totalSize&quot;: Any&lt;Number&gt;,
+   &quot;errors&quot;: 0,
+   &quot;evictions&quot;: 0,
+   &quot;hits&quot;: 0,
+   &quot;misses&quot;: 0,
+   &quot;writes&quot;: 0,
  }

 ❯ tests/unit/services/CacheService.test.ts:449:21
            </failure>
        </testcase>
        <testcase classname="tests/unit/services/CacheService.test.ts" name="CacheService &gt; Cache statistics and monitoring &gt; should calculate cache hit ratio accurately" time="0.007544735">
            <failure message="cacheService.getCacheHitRatio is not a function" type="TypeError">
TypeError: cacheService.getCacheHitRatio is not a function
 ❯ tests/unit/services/CacheService.test.ts:473:43
            </failure>
        </testcase>
        <testcase classname="tests/unit/services/CacheService.test.ts" name="CacheService &gt; Cache warming and preloading &gt; should warmup cache with specified keys" time="0.011761431">
            <failure message="cacheService.warmupCache is not a function" type="TypeError">
TypeError: cacheService.warmupCache is not a function
 ❯ tests/unit/services/CacheService.test.ts:500:26
            </failure>
        </testcase>
        <testcase classname="tests/unit/services/CacheService.test.ts" name="CacheService &gt; Cache warming and preloading &gt; should skip warming cache for keys with no data" time="0.0080551">
            <failure message="cacheService.warmupCache is not a function" type="TypeError">
TypeError: cacheService.warmupCache is not a function
 ❯ tests/unit/services/CacheService.test.ts:522:26
            </failure>
        </testcase>
        <testcase classname="tests/unit/services/CacheService.test.ts" name="CacheService &gt; Error handling and resilience &gt; should handle Redis connection failures gracefully" time="0.00731148">
            <failure message="expected null to deeply equal { data: &apos;test&apos; }" type="AssertionError">
AssertionError: expected null to deeply equal { data: &apos;test&apos; }

- Expected: 
{
  &quot;data&quot;: &quot;test&quot;,
}

+ Received: 
null

 ❯ tests/unit/services/CacheService.test.ts:545:22
            </failure>
        </testcase>
        <testcase classname="tests/unit/services/CacheService.test.ts" name="CacheService &gt; Error handling and resilience &gt; should continue operation when memory cache fails" time="0.002815743">
            <failure message="expected null to deeply equal { data: &apos;test&apos; }" type="AssertionError">
AssertionError: expected null to deeply equal { data: &apos;test&apos; }

- Expected: 
{
  &quot;data&quot;: &quot;test&quot;,
}

+ Received: 
null

 ❯ tests/unit/services/CacheService.test.ts:565:22
            </failure>
        </testcase>
        <testcase classname="tests/unit/services/CacheService.test.ts" name="CacheService &gt; Error handling and resilience &gt; should handle serialization errors gracefully" time="0.00269906">
            <failure message="expected &quot;spy&quot; to be called with arguments: [ …(2) ][90m

Number of calls: [1m0[22m
[39m" type="AssertionError">
AssertionError: expected &quot;spy&quot; to be called with arguments: [ …(2) ]

Number of calls: 0

 ❯ tests/unit/services/CacheService.test.ts:586:32
            </failure>
        </testcase>
        <testcase classname="tests/unit/services/CacheService.test.ts" name="CacheService &gt; Error handling and resilience &gt; should implement circuit breaker pattern for persistent failures" time="0.003519357">
            <failure message="expected &quot;spy&quot; to be called with arguments: [ StringContaining{…}, Any&lt;Object&gt; ][90m

Number of calls: [1m0[22m
[39m" type="AssertionError">
AssertionError: expected &quot;spy&quot; to be called with arguments: [ StringContaining{…}, Any&lt;Object&gt; ]

Number of calls: 0

 ❯ tests/unit/services/CacheService.test.ts:611:32
            </failure>
        </testcase>
        <testcase classname="tests/unit/services/CacheService.test.ts" name="CacheService &gt; Performance optimization &gt; should implement cache key optimization for performance" time="0.018520104">
            <failure message="expected &quot;spy&quot; to be called with arguments: [ …(3) ][90m

Number of calls: [1m0[22m
[39m" type="AssertionError">
AssertionError: expected &quot;spy&quot; to be called with arguments: [ …(3) ]

Number of calls: 0

 ❯ tests/unit/services/CacheService.test.ts:632:35
            </failure>
        </testcase>
        <testcase classname="tests/unit/services/CacheService.test.ts" name="CacheService &gt; Performance optimization &gt; should implement TTL-based expiration correctly" time="0.002279347">
            <failure message="expected &quot;spy&quot; to be called with arguments: [ &apos;ttl-test-key&apos;, …(2) ][90m

Number of calls: [1m0[22m
[39m" type="AssertionError">
AssertionError: expected &quot;spy&quot; to be called with arguments: [ &apos;ttl-test-key&apos;, …(2) ]

Number of calls: 0

 ❯ tests/unit/services/CacheService.test.ts:653:35
            </failure>
        </testcase>
    </testsuite>
    <testsuite name="tests/unit/services/EventService.test.ts" timestamp="2025-08-05T00:52:17.788Z" hostname="codespaces-9eea89" tests="1" failures="1" errors="0" skipped="0" time="0">
        <testcase classname="tests/unit/services/EventService.test.ts" name="tests/unit/services/EventService.test.ts" time="0">
            <system-out>
✅ Test environment setup completed
   Node environment: test
   Test timeout: 30000ms
   Fake timers: enabled
   Global mocks: enabled
   Custom matchers: loaded


            </system-out>
            <failure message="DomainEvent is not defined" type="ReferenceError">
ReferenceError: DomainEvent is not defined
 ❯ tests/unit/services/EventService.test.ts:13:33
            </failure>
        </testcase>
    </testsuite>
    <testsuite name="tests/unit/services/MOQService.test.ts" timestamp="2025-08-05T00:52:17.791Z" hostname="codespaces-9eea89" tests="26" failures="0" errors="0" skipped="0" time="0.166620475">
        <testcase classname="tests/unit/services/MOQService.test.ts" name="MOQService &gt; calculateAdjustedQuantity &gt; should return max(MOQ, requested_quantity) when MOQ is greater" time="0.005037293">
        </testcase>
        <testcase classname="tests/unit/services/MOQService.test.ts" name="MOQService &gt; calculateAdjustedQuantity &gt; should return requested quantity when it meets or exceeds MOQ" time="0.001185643">
        </testcase>
        <testcase classname="tests/unit/services/MOQService.test.ts" name="MOQService &gt; calculateAdjustedQuantity &gt; should handle missing MOQ by defaulting to 1" time="0.000887002">
        </testcase>
        <testcase classname="tests/unit/services/MOQService.test.ts" name="MOQService &gt; calculateAdjustedQuantity &gt; should handle zero MOQ by defaulting to 1" time="0.00385118">
        </testcase>
        <testcase classname="tests/unit/services/MOQService.test.ts" name="MOQService &gt; calculateAdjustedQuantity &gt; should handle negative MOQ by defaulting to 1" time="0.002290963">
        </testcase>
        <testcase classname="tests/unit/services/MOQService.test.ts" name="MOQService &gt; calculateAdjustedQuantity &gt; should handle zero requested quantity" time="0.00072386">
        </testcase>
        <testcase classname="tests/unit/services/MOQService.test.ts" name="MOQService &gt; calculateAdjustedQuantity &gt; should handle negative requested quantity" time="0.000657012">
        </testcase>
        <testcase classname="tests/unit/services/MOQService.test.ts" name="MOQService &gt; calculateAdjustedQuantity &gt; should handle exactly equal quantities" time="0.000677108">
        </testcase>
        <testcase classname="tests/unit/services/MOQService.test.ts" name="MOQService &gt; validateQuantityAgainstMOQ &gt; should return valid when quantity meets MOQ" time="0.001112453">
        </testcase>
        <testcase classname="tests/unit/services/MOQService.test.ts" name="MOQService &gt; validateQuantityAgainstMOQ &gt; should return invalid when quantity is below MOQ" time="0.000742429">
        </testcase>
        <testcase classname="tests/unit/services/MOQService.test.ts" name="MOQService &gt; validateQuantityAgainstMOQ &gt; should handle missing product gracefully" time="0.000962727">
        </testcase>
        <testcase classname="tests/unit/services/MOQService.test.ts" name="MOQService &gt; validateQuantityAgainstMOQ &gt; should handle undefined product gracefully" time="0.000535426">
        </testcase>
        <testcase classname="tests/unit/services/MOQService.test.ts" name="MOQService &gt; calculateMOQAdjustmentCost &gt; should calculate additional cost when quantity is adjusted up" time="0.000589713">
        </testcase>
        <testcase classname="tests/unit/services/MOQService.test.ts" name="MOQService &gt; calculateMOQAdjustmentCost &gt; should return zero additional cost when no adjustment needed" time="0.000600216">
        </testcase>
        <testcase classname="tests/unit/services/MOQService.test.ts" name="MOQService &gt; calculateMOQAdjustmentCost &gt; should handle missing price by defaulting to 0" time="0.00052468">
        </testcase>
        <testcase classname="tests/unit/services/MOQService.test.ts" name="MOQService &gt; batchProcessMOQAdjustments &gt; should process multiple products with MOQ adjustments" time="0.001978421">
        </testcase>
        <testcase classname="tests/unit/services/MOQService.test.ts" name="MOQService &gt; batchProcessMOQAdjustments &gt; should handle empty batch gracefully" time="0.001125597">
        </testcase>
        <testcase classname="tests/unit/services/MOQService.test.ts" name="MOQService &gt; batchProcessMOQAdjustments &gt; should handle batch with invalid products" time="0.000746645">
        </testcase>
        <testcase classname="tests/unit/services/MOQService.test.ts" name="MOQService &gt; getMOQComplianceReport &gt; should generate compliance report for mixed compliance" time="0.004687695">
        </testcase>
        <testcase classname="tests/unit/services/MOQService.test.ts" name="MOQService &gt; getMOQComplianceReport &gt; should generate 100% compliance report when all items comply" time="0.000756919">
        </testcase>
        <testcase classname="tests/unit/services/MOQService.test.ts" name="MOQService &gt; getMOQComplianceReport &gt; should handle empty order items" time="0.002857445">
        </testcase>
        <testcase classname="tests/unit/services/MOQService.test.ts" name="MOQService &gt; error handling and edge cases &gt; should handle very large MOQ values" time="0.000559182">
        </testcase>
        <testcase classname="tests/unit/services/MOQService.test.ts" name="MOQService &gt; error handling and edge cases &gt; should handle floating point MOQ values by rounding up" time="0.000573152">
        </testcase>
        <testcase classname="tests/unit/services/MOQService.test.ts" name="MOQService &gt; error handling and edge cases &gt; should handle NaN MOQ values by defaulting to 1" time="0.000516452">
        </testcase>
        <testcase classname="tests/unit/services/MOQService.test.ts" name="MOQService &gt; error handling and edge cases &gt; should handle Infinity MOQ values by defaulting to 1" time="0.001028878">
        </testcase>
        <testcase classname="tests/unit/services/MOQService.test.ts" name="MOQService &gt; performance with large datasets &gt; should handle batch processing of 1000 products efficiently" time="0.127391595">
        </testcase>
    </testsuite>
    <testsuite name="tests/unit/services/OdooIntegrationService.test.ts" timestamp="2025-08-05T00:52:17.808Z" hostname="codespaces-9eea89" tests="1" failures="1" errors="0" skipped="0" time="0">
        <testcase classname="tests/unit/services/OdooIntegrationService.test.ts" name="tests/unit/services/OdooIntegrationService.test.ts" time="0">
            <system-out>
✅ Test environment setup completed
   Node environment: test
   Test timeout: 30000ms
   Fake timers: enabled
   Global mocks: enabled
   Custom matchers: loaded


            </system-out>
            <failure message="Failed to resolve import &quot;../../../src/services/OdooIntegrationService&quot; from &quot;tests/unit/services/OdooIntegrationService.test.ts&quot;. Does the file exist?" type="Error">
Error: Failed to resolve import &quot;../../../src/services/OdooIntegrationService&quot; from &quot;tests/unit/services/OdooIntegrationService.test.ts&quot;. Does the file exist?
  Plugin: vite:import-analysis
  File: /workspaces/source-lovable-animalfarmacy/tests/unit/services/OdooIntegrationService.test.ts:2:39
  1  |  import { describe, it, expect, beforeEach, vi } from &quot;vitest&quot;;
  2  |  import { OdooIntegrationService } from &quot;../../../src/services/OdooIntegrationService&quot;;
     |                                          ^
  3  |  const createMockPurchaseOrderRepository = () =&gt; ({
  4  |    findLocalOrder: vi.fn(),
 ❯ TransformPluginContext._formatError node_modules/vite/dist/node/chunks/dep-DyBnyoVI.js:49192:41
 ❯ TransformPluginContext.error node_modules/vite/dist/node/chunks/dep-DyBnyoVI.js:49187:16
 ❯ normalizeUrl node_modules/vite/dist/node/chunks/dep-DyBnyoVI.js:63983:23
 ❯ node_modules/vite/dist/node/chunks/dep-DyBnyoVI.js:64115:39
 ❯ TransformPluginContext.transform node_modules/vite/dist/node/chunks/dep-DyBnyoVI.js:64042:7
 ❯ PluginContainer.transform node_modules/vite/dist/node/chunks/dep-DyBnyoVI.js:49033:18
 ❯ loadAndTransform node_modules/vite/dist/node/chunks/dep-DyBnyoVI.js:51866:27
            </failure>
        </testcase>
    </testsuite>
    <testsuite name="tests/unit/services/OdooPurchaseOrderService.test.ts" timestamp="2025-08-05T00:52:17.812Z" hostname="codespaces-9eea89" tests="1" failures="1" errors="0" skipped="0" time="0">
        <testcase classname="tests/unit/services/OdooPurchaseOrderService.test.ts" name="tests/unit/services/OdooPurchaseOrderService.test.ts" time="0">
            <system-out>
✅ Test environment setup completed
   Node environment: test
   Test timeout: 30000ms
   Fake timers: enabled
   Global mocks: enabled
   Custom matchers: loaded


            </system-out>
            <failure message="Failed to resolve import &quot;../../../src/services/OdooPurchaseOrderService&quot; from &quot;tests/unit/services/OdooPurchaseOrderService.test.ts&quot;. Does the file exist?" type="Error">
Error: Failed to resolve import &quot;../../../src/services/OdooPurchaseOrderService&quot; from &quot;tests/unit/services/OdooPurchaseOrderService.test.ts&quot;. Does the file exist?
  Plugin: vite:import-analysis
  File: /workspaces/source-lovable-animalfarmacy/tests/unit/services/OdooPurchaseOrderService.test.ts:2:41
  1  |  import { describe, it, expect, beforeEach, vi } from &quot;vitest&quot;;
  2  |  import { OdooPurchaseOrderService } from &quot;../../../src/services/OdooPurchaseOrderService&quot;;
     |                                            ^
  3  |  const createMockOdooClient = () =&gt; ({
  4  |    create: vi.fn(),
 ❯ TransformPluginContext._formatError node_modules/vite/dist/node/chunks/dep-DyBnyoVI.js:49192:41
 ❯ TransformPluginContext.error node_modules/vite/dist/node/chunks/dep-DyBnyoVI.js:49187:16
 ❯ normalizeUrl node_modules/vite/dist/node/chunks/dep-DyBnyoVI.js:63983:23
 ❯ node_modules/vite/dist/node/chunks/dep-DyBnyoVI.js:64115:39
 ❯ TransformPluginContext.transform node_modules/vite/dist/node/chunks/dep-DyBnyoVI.js:64042:7
 ❯ PluginContainer.transform node_modules/vite/dist/node/chunks/dep-DyBnyoVI.js:49033:18
 ❯ loadAndTransform node_modules/vite/dist/node/chunks/dep-DyBnyoVI.js:51866:27
            </failure>
        </testcase>
    </testsuite>
    <testsuite name="tests/unit/services/OdooSyncService.test.ts" timestamp="2025-08-05T00:52:17.814Z" hostname="codespaces-9eea89" tests="1" failures="1" errors="0" skipped="0" time="0">
        <testcase classname="tests/unit/services/OdooSyncService.test.ts" name="tests/unit/services/OdooSyncService.test.ts" time="0">
            <system-out>
✅ Test environment setup completed
   Node environment: test
   Test timeout: 30000ms
   Fake timers: enabled
   Global mocks: enabled
   Custom matchers: loaded


            </system-out>
            <failure message="Failed to resolve import &quot;../../../src/services/OdooSyncService&quot; from &quot;tests/unit/services/OdooSyncService.test.ts&quot;. Does the file exist?" type="Error">
Error: Failed to resolve import &quot;../../../src/services/OdooSyncService&quot; from &quot;tests/unit/services/OdooSyncService.test.ts&quot;. Does the file exist?
  Plugin: vite:import-analysis
  File: /workspaces/source-lovable-animalfarmacy/tests/unit/services/OdooSyncService.test.ts:2:32
  1  |  import { describe, it, expect, beforeEach, vi } from &quot;vitest&quot;;
  2  |  import { OdooSyncService } from &quot;../../../src/services/OdooSyncService&quot;;
     |                                   ^
  3  |  const createMockOdooClient = () =&gt; ({
  4  |    create: vi.fn(),
 ❯ TransformPluginContext._formatError node_modules/vite/dist/node/chunks/dep-DyBnyoVI.js:49192:41
 ❯ TransformPluginContext.error node_modules/vite/dist/node/chunks/dep-DyBnyoVI.js:49187:16
 ❯ normalizeUrl node_modules/vite/dist/node/chunks/dep-DyBnyoVI.js:63983:23
 ❯ node_modules/vite/dist/node/chunks/dep-DyBnyoVI.js:64115:39
 ❯ TransformPluginContext.transform node_modules/vite/dist/node/chunks/dep-DyBnyoVI.js:64042:7
 ❯ PluginContainer.transform node_modules/vite/dist/node/chunks/dep-DyBnyoVI.js:49033:18
 ❯ loadAndTransform node_modules/vite/dist/node/chunks/dep-DyBnyoVI.js:51866:27
            </failure>
        </testcase>
    </testsuite>
</testsuites>
